eps-ground-watchdog{   "KickWatchdog": {}}
1/11{   "KickWatchdog": {}}
2025-03-29 13:23:36
eps-ground-watchdog: "Success"

eps-ground-watchdog{   "GetTimeRemaining": {}}
1/11{   "GetTimeRemaining": {}}
2025-03-29 13:23:38
eps-ground-watchdog: "172799"

isis-eps-terminal{   "SetSingleOutput": {     "typ_channel": "Off",     "eps_ch_idx": 14   }}
1/11{   "SetSingleOutput": {     "typ_channel": "Off",     "eps_ch_idx": 14   }}
2025-03-29 13:23:39
isis-eps-terminal: Success

isis-eps-terminal{   "PiuHk": {     "mode": "PIUEngHK"   }}
1/11{   "PiuHk": {     "mode": "PIUEngHK"   }}
2{   "PiuHk": {     "mode": "PIUEngHK"   }}
3{   "PiuHk": {     "mode": "PIUEngHK"   }}
4{   "PiuHk": {     "mode": "PIUEngHK"   }}
2025-03-29 13:24:01
isis-eps-terminal: {
  "volt_brdsup": 3298,
  "temp": 1080,
  "vip_dist_input": {
    "volt": 15603,
    "curr": 262,
    "pwr": 4990
  },
  "vip_batt_input": {
    "volt": 15615,
    "curr": -269,
    "pwr": -5070
  },
  "stat_ch_on": 4411,
  "stat_ch_ocf": 0,
  "batt_stat": 32768,
  "batt_temp2": 1109,
  "batt_temp3": 948,
  "volt_vd0": 15603,
  "volt_vd1": 4994,
  "volt_vd2": 3298,
  "vip_cnt_ch00": {
    "volt": 15599,
    "curr": 55,
    "pwr": 820
  },
  "vip_cnt_ch01": {
    "volt": 4993,
    "curr": 1,
    "pwr": 830
  },
  "vip_cnt_ch02": {
    "volt": -23,
    "curr": 0,
    "pwr": 0
  },
  "vip_cnt_ch03": {
    "volt": 4983,
    "curr": 219,
    "pwr": 1090
  },
  "vip_cnt_ch04": {
    "volt": 4984,
    "curr": 192,
    "pwr": 950
  },
  "vip_cnt_ch05": {
    "volt": 3337,
    "curr": 47,
    "pwr": 150
  },
  "vip_cnt_ch06": {
    "volt": -182,
    "curr": -1,
    "pwr": 0
  },
  "vip_cnt_ch07": {
    "volt": -193,
    "curr": 0,
    "pwr": 0
  },
  "vip_cnt_ch08": {
    "volt": 3333,
    "curr": 161,
    "pwr": 600
  },
  "ccd1": {
    "volt_in_mppt": 0,
    "curr_in_mppt": 0,
    "volt_out_mppt": 0,
    "curr_out_mppt": 0
  },
  "ccd2": {
    "volt_in_mppt": 0,
    "curr_in_mppt": 0,
    "volt_out_mppt": 0,
    "curr_out_mppt": 0
  },
  "ccd3": {
    "volt_in_mppt": 0,
    "curr_in_mppt": 0,
    "volt_out_mppt": 0,
    "curr_out_mppt": 0
  },
  "vip_cnt_ch09": {
    "volt": -176,
    "curr": 0,
    "pwr": 0
  },
  "vip_cnt_ch10": {
    "volt": -173,
    "curr": -1,
    "pwr": 0
  },
  "vip_cnt_ch11": {
    "volt": -173,
    "curr": -1,
    "pwr": 0
  },
  "vip_cnt_ch12": {
    "volt": 5433,
    "curr": 0,
    "pwr": 0
  },
  "vip_cnt_ch13": {
    "volt": -11,
    "curr": 0,
    "pwr": 0
  },
  "vip_cnt_ch14": {
    "volt": -30,
    "curr": -1,
    "pwr": 0
  },
  "vip_cnt_ch15": {
    "volt": -180,
    "curr": -1,
    "pwr": 0
  },
  "ccd4": {
    "volt_in_mppt": 0,
    "curr_in_mppt": 0,
    "volt_out_mppt": 0,
    "curr_out_mppt": 0
  },
  "ccd5": {
    "volt_in_mppt": 0,
    "curr_in_mppt": 0,
    "volt_out_mppt": 0,
    "curr_out_mppt": 0
  },
  "stat_ch_ext_on": 0,
  "stat_ch_ext_ocf": 0,
  "vip_cnt_ch16": {
    "volt": 379,
    "curr": -1,
    "pwr": 0
  }
}

isis-eps-terminal{   "SetSingleOutput": {     "typ_channel": "Off",     "eps_ch_idx": 14   }}
1/11{   "SetSingleOutput": {     "typ_channel": "Off",     "eps_ch_idx": 14   }}
2025-03-29 13:24:03
isis-eps-terminal: Success

isis-eps-terminal{   "PiuHk": {     "mode": "PIUEngHK"   }}
1/11{   "PiuHk": {     "mode": "PIUEngHK"   }}
2{   "PiuHk": {     "mode": "PIUEngHK"   }}
2025-03-29 13:24:14
isis-eps-terminal: {
  "volt_brdsup": 3290,
  "temp": 1240,
  "vip_dist_input": {
    "volt": 15597,
    "curr": 264,
    "pwr": 4990
  },
  "vip_batt_input": {
    "volt": 15607,
    "curr": -263,
    "pwr": -5030
  },
  "stat_ch_on": 4411,
  "stat_ch_ocf": 0,
  "batt_stat": 32768,
  "batt_temp2": 1129,
  "batt_temp3": 948,
  "volt_vd0": 15597,
  "volt_vd1": 4993,
  "volt_vd2": 3290,
  "vip_cnt_ch00": {
    "volt": 15592,
    "curr": 53,
    "pwr": 840
  },
  "vip_cnt_ch01": {
    "volt": 4992,
    "curr": 0,
    "pwr": 800
  },
  "vip_cnt_ch02": {
    "volt": -23,
    "curr": -1,
    "pwr": 0
  },
  "vip_cnt_ch03": {
    "volt": 4984,
    "curr": 218,
    "pwr": 1090
  },
  "vip_cnt_ch04": {
    "volt": 4988,
    "curr": 192,
    "pwr": 950
  },
  "vip_cnt_ch05": {
    "volt": 3339,
    "curr": 48,
    "pwr": 150
  },
  "vip_cnt_ch06": {
    "volt": -182,
    "curr": -1,
    "pwr": 0
  },
  "vip_cnt_ch07": {
    "volt": -194,
    "curr": -1,
    "pwr": 0
  },
  "vip_cnt_ch08": {
    "volt": 3334,
    "curr": 166,
    "pwr": 590
  },
  "ccd1": {
    "volt_in_mppt": 0,
    "curr_in_mppt": 0,
    "volt_out_mppt": 0,
    "curr_out_mppt": 0
  },
  "ccd2": {
    "volt_in_mppt": 0,
    "curr_in_mppt": 0,
    "volt_out_mppt": 0,
    "curr_out_mppt": 0
  },
  "ccd3": {
    "volt_in_mppt": 0,
    "curr_in_mppt": 0,
    "volt_out_mppt": 0,
    "curr_out_mppt": 0
  },
  "vip_cnt_ch09": {
    "volt": -176,
    "curr": -1,
    "pwr": 0
  },
  "vip_cnt_ch10": {
    "volt": -173,
    "curr": -1,
    "pwr": 0
  },
  "vip_cnt_ch11": {
    "volt": -172,
    "curr": -1,
    "pwr": 0
  },
  "vip_cnt_ch12": {
    "volt": 5436,
    "curr": -1,
    "pwr": 0
  },
  "vip_cnt_ch13": {
    "volt": -13,
    "curr": 0,
    "pwr": 0
  },
  "vip_cnt_ch14": {
    "volt": -31,
    "curr": -1,
    "pwr": 0
  },
  "vip_cnt_ch15": {
    "volt": -180,
    "curr": -1,
    "pwr": 0
  },
  "ccd4": {
    "volt_in_mppt": 0,
    "curr_in_mppt": 0,
    "volt_out_mppt": 0,
    "curr_out_mppt": 0
  },
  "ccd5": {
    "volt_in_mppt": 0,
    "curr_in_mppt": 0,
    "volt_out_mppt": 0,
    "curr_out_mppt": 0
  },
  "stat_ch_ext_on": 0,
  "stat_ch_ext_ocf": 0,
  "vip_cnt_ch16": {
    "volt": 377,
    "curr": 0,
    "pwr": 0
  }
}

cubeadcs-terminal{   "GetTelemetry": {     "telem_type": "AdcsStateAll"   }}
1/11{   "GetTelemetry": {     "telem_type": "AdcsStateAll"   }}
2{   "GetTelemetry": {     "telem_type": "AdcsStateAll"   }}
2025-03-29 13:24:24
cubeadcs-terminal: {
  "AdcsStateAll": {
    "attitude_estimation_mode": "MEMSgyroEKF",
    "control_mode": "XYZWheel",
    "adcs_run_mode": "Enabled",
    "asgp4_mode": "Off",
    "cube_control_signal_enabled": true,
    "cube_control_motor_enabled": true,
    "cube_sense1_enabled": true,
    "cube_sense2_enabled": true,
    "cube_wheel1_enabled": true,
    "cube_wheel2_enabled": true,
    "cube_wheel3_enabled": true,
    "cube_star_enabled": false,
    "gps_receiver_enabled": false,
    "gps_lna_power_enabled": false,
    "motor_driver_enabled": false,
    "sun_is_above_local_horizon": false,
    "cube_sense1_communication_error": false,
    "cube_sense2_communication_error": false,
    "cube_control_signal_communications_error": false,
    "cube_control_motor_communications_error": false,
    "cube_wheel1_communications_error": false,
    "cube_wheel2_communications_error": false,
    "cube_wheel3_communications_error": false,
    "cube_star_communications_error": false,
    "magnetometer_range_error": false,
    "cam1_sram_overcurrent_detected": false,
    "cam1_3v3_overcurrent_detected": false,
    "cam1_sensor_busy_error": false,
    "cam1_sensor_detection_error": false,
    "sun_sensor_range_error": false,
    "cam2_sram_overcurrent_detected": false,
    "cam2_3v3_overcurrent_detected": false,
    "cam2_sensor_busy_error": false,
    "cam2_sensor_detection_error": false,
    "nadir_sensor_range_error": false,
    "rate_sensor_range_error": false,
    "wheel_speed_range_error": false,
    "coarse_sun_sensor_error": true,
    "star_tracker_match_error": false,
    "star_tracker_overcurrent_detected": false,
    "orbit_parameters_are_invalid": false,
    "configuration_is_invalid": false,
    "control_mode_change_is_not_allowed": false,
    "estimator_change_is_not_allowed": false,
    "current_magnetometer_sampling_mode": "MainSignal",
    "modelled_and_measured_magnetic_field_differs_in_size": false,
    "node_recovery_error": false,
    "cube_sense1_runtime_error": false,
    "cube_sense2_runtime_error": false,
    "cube_control_signal_runtime_error": false,
    "cube_control_motor_runtime_error": false,
    "cube_wheel1_runtime_error": false,
    "cube_wheel2_runtime_error": false,
    "cube_wheel3_runtime_error": false,
    "cube_star_runtime_error": false,
    "magnetometer_error": false,
    "rate_sensor_failure": false,
    "estimated_roll_angle": 4428,
    "estimated_pitch_angle": -37,
    "estimated_yaw_angle": -28,
    "estimated_q1": 3768,
    "estimated_q2": -20,
    "estimated_q3": -10,
    "estimated_x_angular_rate": 1,
    "estimated_y_angular_rate": 6,
    "estimated_z_angular_rate": 0,
    "x_position": -18190,
    "y_position": 1512,
    "z_position": -20589,
    "x_velocity": -21755,
    "y_velocity": 7744,
    "z_velocity": 19810,
    "latitude": -4844,
    "longitude": 14693,
    "altitude": 28553,
    "ecef_position_x": 0,
    "ecef_position_y": 0,
    "ecef_position_z": 0
  }
}

