eps-ground-watchdog{   "KickWatchdog": {}}
1/11{   "KickWatchdog": {}}
2025-03-30 13:01:42
eps-ground-watchdog: "Success"

eps-ground-watchdog{   "GetTimeRemaining": {}}
1/11{   "GetTimeRemaining": {}}
2{   "GetTimeRemaining": {}}
2025-03-30 13:01:52
eps-ground-watchdog: "172791"

isis-eps-terminal{   "SetSingleOutput": {     "typ_channel": "Off",     "eps_ch_idx": 14   }}
1/11{   "SetSingleOutput": {     "typ_channel": "Off",     "eps_ch_idx": 14   }}
2025-03-30 13:01:54
isis-eps-terminal: Success

isis-eps-terminal{   "PiuHk": {     "mode": "PIUEngHK"   }}
1/11{   "PiuHk": {     "mode": "PIUEngHK"   }}
2025-03-30 13:01:57
isis-eps-terminal: {
  "volt_brdsup": 3292,
  "temp": 1280,
  "vip_dist_input": {
    "volt": 15664,
    "curr": 264,
    "pwr": 4360
  },
  "vip_batt_input": {
    "volt": 15676,
    "curr": -265,
    "pwr": -4340
  },
  "stat_ch_on": 4411,
  "stat_ch_ocf": 0,
  "batt_stat": 32768,
  "batt_temp2": 1444,
  "batt_temp3": 1270,
  "volt_vd0": 15664,
  "volt_vd1": 4993,
  "volt_vd2": 3292,
  "vip_cnt_ch00": {
    "volt": 15659,
    "curr": 57,
    "pwr": 830
  },
  "vip_cnt_ch01": {
    "volt": 4995,
    "curr": 1,
    "pwr": 80
  },
  "vip_cnt_ch02": {
    "volt": -21,
    "curr": 0,
    "pwr": 0
  },
  "vip_cnt_ch03": {
    "volt": 4984,
    "curr": 219,
    "pwr": 1220
  },
  "vip_cnt_ch04": {
    "volt": 4985,
    "curr": 192,
    "pwr": 950
  },
  "vip_cnt_ch05": {
    "volt": 3340,
    "curr": 52,
    "pwr": 150
  },
  "vip_cnt_ch06": {
    "volt": -180,
    "curr": 0,
    "pwr": 0
  },
  "vip_cnt_ch07": {
    "volt": -192,
    "curr": 0,
    "pwr": 0
  },
  "vip_cnt_ch08": {
    "volt": 3332,
    "curr": 180,
    "pwr": 570
  },
  "ccd1": {
    "volt_in_mppt": 0,
    "curr_in_mppt": 0,
    "volt_out_mppt": 0,
    "curr_out_mppt": 0
  },
  "ccd2": {
    "volt_in_mppt": 0,
    "curr_in_mppt": 0,
    "volt_out_mppt": 0,
    "curr_out_mppt": 0
  },
  "ccd3": {
    "volt_in_mppt": 0,
    "curr_in_mppt": 0,
    "volt_out_mppt": 0,
    "curr_out_mppt": 0
  },
  "vip_cnt_ch09": {
    "volt": -173,
    "curr": -1,
    "pwr": 0
  },
  "vip_cnt_ch10": {
    "volt": -171,
    "curr": 0,
    "pwr": 0
  },
  "vip_cnt_ch11": {
    "volt": -172,
    "curr": -1,
    "pwr": 0
  },
  "vip_cnt_ch12": {
    "volt": 5438,
    "curr": 0,
    "pwr": 0
  },
  "vip_cnt_ch13": {
    "volt": -9,
    "curr": 0,
    "pwr": 0
  },
  "vip_cnt_ch14": {
    "volt": -30,
    "curr": -1,
    "pwr": 0
  },
  "vip_cnt_ch15": {
    "volt": -178,
    "curr": -1,
    "pwr": 0
  },
  "ccd4": {
    "volt_in_mppt": 0,
    "curr_in_mppt": 0,
    "volt_out_mppt": 0,
    "curr_out_mppt": 0
  },
  "ccd5": {
    "volt_in_mppt": 0,
    "curr_in_mppt": 0,
    "volt_out_mppt": 0,
    "curr_out_mppt": 0
  },
  "stat_ch_ext_on": 0,
  "stat_ch_ext_ocf": 0,
  "vip_cnt_ch16": {
    "volt": 377,
    "curr": -1,
    "pwr": 0
  }
}

isis-eps-terminal{   "SetSingleOutput": {     "typ_channel": "Off",     "eps_ch_idx": 14   }}
1/11{   "SetSingleOutput": {     "typ_channel": "Off",     "eps_ch_idx": 14   }}
2025-03-30 13:01:59
isis-eps-terminal: Success

isis-eps-terminal{   "PiuHk": {     "mode": "PIUEngHK"   }}
1/11{   "PiuHk": {     "mode": "PIUEngHK"   }}
2{   "PiuHk": {     "mode": "PIUEngHK"   }}
2025-03-30 13:02:10
isis-eps-terminal: {
  "volt_brdsup": 3296,
  "temp": 1280,
  "vip_dist_input": {
    "volt": 15623,
    "curr": 350,
    "pwr": 4640
  },
  "vip_batt_input": {
    "volt": 15634,
    "curr": -362,
    "pwr": -4700
  },
  "stat_ch_on": 4411,
  "stat_ch_ocf": 0,
  "batt_stat": 32768,
  "batt_temp2": 1416,
  "batt_temp3": 1286,
  "volt_vd0": 15623,
  "volt_vd1": 4994,
  "volt_vd2": 3296,
  "vip_cnt_ch00": {
    "volt": 15611,
    "curr": 53,
    "pwr": 850
  },
  "vip_cnt_ch01": {
    "volt": 4981,
    "curr": 231,
    "pwr": 410
  },
  "vip_cnt_ch02": {
    "volt": -22,
    "curr": -1,
    "pwr": 0
  },
  "vip_cnt_ch03": {
    "volt": 4981,
    "curr": 260,
    "pwr": 1160
  },
  "vip_cnt_ch04": {
    "volt": 4983,
    "curr": 192,
    "pwr": 950
  },
  "vip_cnt_ch05": {
    "volt": 3338,
    "curr": 46,
    "pwr": 150
  },
  "vip_cnt_ch06": {
    "volt": -180,
    "curr": 0,
    "pwr": 0
  },
  "vip_cnt_ch07": {
    "volt": -192,
    "curr": -1,
    "pwr": 0
  },
  "vip_cnt_ch08": {
    "volt": 3333,
    "curr": 185,
    "pwr": 590
  },
  "ccd1": {
    "volt_in_mppt": 0,
    "curr_in_mppt": 0,
    "volt_out_mppt": 0,
    "curr_out_mppt": 0
  },
  "ccd2": {
    "volt_in_mppt": 0,
    "curr_in_mppt": 0,
    "volt_out_mppt": 0,
    "curr_out_mppt": 0
  },
  "ccd3": {
    "volt_in_mppt": 0,
    "curr_in_mppt": 0,
    "volt_out_mppt": 0,
    "curr_out_mppt": 0
  },
  "vip_cnt_ch09": {
    "volt": -173,
    "curr": 0,
    "pwr": 0
  },
  "vip_cnt_ch10": {
    "volt": -171,
    "curr": -1,
    "pwr": 0
  },
  "vip_cnt_ch11": {
    "volt": -170,
    "curr": -1,
    "pwr": 0
  },
  "vip_cnt_ch12": {
    "volt": 5431,
    "curr": -1,
    "pwr": 0
  },
  "vip_cnt_ch13": {
    "volt": -9,
    "curr": -1,
    "pwr": 0
  },
  "vip_cnt_ch14": {
    "volt": -28,
    "curr": 0,
    "pwr": 0
  },
  "vip_cnt_ch15": {
    "volt": -178,
    "curr": -1,
    "pwr": 0
  },
  "ccd4": {
    "volt_in_mppt": 0,
    "curr_in_mppt": 0,
    "volt_out_mppt": 0,
    "curr_out_mppt": 0
  },
  "ccd5": {
    "volt_in_mppt": 0,
    "curr_in_mppt": 0,
    "volt_out_mppt": 0,
    "curr_out_mppt": 0
  },
  "stat_ch_ext_on": 0,
  "stat_ch_ext_ocf": 0,
  "vip_cnt_ch16": {
    "volt": 378,
    "curr": -1,
    "pwr": 0
  }
}

cubeadcs-terminal{   "GetTelemetry": {     "telem_type": "AdcsStateAll"   }}
1/11{   "GetTelemetry": {     "telem_type": "AdcsStateAll"   }}
2025-03-30 13:02:12
cubeadcs-terminal: {
  "AdcsStateAll": {
    "attitude_estimation_mode": "MEMSgyroEKF",
    "control_mode": "XYZWheel",
    "adcs_run_mode": "Enabled",
    "asgp4_mode": "Off",
    "cube_control_signal_enabled": true,
    "cube_control_motor_enabled": true,
    "cube_sense1_enabled": true,
    "cube_sense2_enabled": true,
    "cube_wheel1_enabled": true,
    "cube_wheel2_enabled": true,
    "cube_wheel3_enabled": true,
    "cube_star_enabled": false,
    "gps_receiver_enabled": false,
    "gps_lna_power_enabled": false,
    "motor_driver_enabled": false,
    "sun_is_above_local_horizon": false,
    "cube_sense1_communication_error": false,
    "cube_sense2_communication_error": false,
    "cube_control_signal_communications_error": false,
    "cube_control_motor_communications_error": false,
    "cube_wheel1_communications_error": false,
    "cube_wheel2_communications_error": false,
    "cube_wheel3_communications_error": false,
    "cube_star_communications_error": false,
    "magnetometer_range_error": false,
    "cam1_sram_overcurrent_detected": false,
    "cam1_3v3_overcurrent_detected": false,
    "cam1_sensor_busy_error": false,
    "cam1_sensor_detection_error": false,
    "sun_sensor_range_error": false,
    "cam2_sram_overcurrent_detected": false,
    "cam2_3v3_overcurrent_detected": false,
    "cam2_sensor_busy_error": false,
    "cam2_sensor_detection_error": false,
    "nadir_sensor_range_error": false,
    "rate_sensor_range_error": false,
    "wheel_speed_range_error": false,
    "coarse_sun_sensor_error": true,
    "star_tracker_match_error": false,
    "star_tracker_overcurrent_detected": false,
    "orbit_parameters_are_invalid": false,
    "configuration_is_invalid": false,
    "control_mode_change_is_not_allowed": false,
    "estimator_change_is_not_allowed": false,
    "current_magnetometer_sampling_mode": "MainSignal",
    "modelled_and_measured_magnetic_field_differs_in_size": false,
    "node_recovery_error": false,
    "cube_sense1_runtime_error": false,
    "cube_sense2_runtime_error": false,
    "cube_control_signal_runtime_error": false,
    "cube_control_motor_runtime_error": false,
    "cube_wheel1_runtime_error": false,
    "cube_wheel2_runtime_error": false,
    "cube_wheel3_runtime_error": false,
    "cube_star_runtime_error": false,
    "magnetometer_error": false,
    "rate_sensor_failure": false,
    "estimated_roll_angle": 4425,
    "estimated_pitch_angle": -79,
    "estimated_yaw_angle": -104,
    "estimated_q1": 3768,
    "estimated_q2": -24,
    "estimated_q3": -54,
    "estimated_x_angular_rate": 2,
    "estimated_y_angular_rate": 7,
    "estimated_z_angular_rate": 2,
    "x_position": -17658,
    "y_position": 1018,
    "z_position": -21076,
    "x_velocity": -22432,
    "y_velocity": 7407,
    "z_velocity": 19172,
    "latitude": -4999,
    "longitude": 15295,
    "altitude": 28471,
    "ecef_position_x": 0,
    "ecef_position_y": 0,
    "ecef_position_z": 0
  }
}

