eps-ground-watchdog{   "KickWatchdog": {}}
1/11{   "KickWatchdog": {}}
2025-05-01 12:17:17
eps-ground-watchdog: "Success"

eps-ground-watchdog{   "GetTimeRemaining": {}}
1/11{   "GetTimeRemaining": {}}
2{   "GetTimeRemaining": {}}
2025-05-01 12:17:19
eps-ground-watchdog: "172799"

cubeadcs-terminal{   "GetTelemetry": {     "telem_type": "AdcsStateAll"   },   "delay": 1000,}
Delay: 1000 ms
1/11{   "GetTelemetry": {     "telem_type": "AdcsStateAll"   }}
2025-05-01 12:17:20
cubeadcs-terminal: invalid value: integer `172798`, expected variant index 0 <= i < 130

cubeadcs-terminal{   "SetCommandedAttitudeAngles": {     "roll": 0,     "pitch": 0,     "yaw": 0   }}
1/11{   "SetCommandedAttitudeAngles": {     "roll": 0,     "pitch": 0,     "yaw": 0   }}
2025-05-01 12:17:22
cubeadcs-terminal: Success

cubeadcs-terminal{   "GetTelemetry": {     "telem_type": "AdcsStateAll"   },   "delay": 5000,}
Delay: 5000 ms
1/11{   "GetTelemetry": {     "telem_type": "AdcsStateAll"   }}
2025-05-01 12:17:30
cubeadcs-terminal: {
  "AdcsStateAll": {
    "attitude_estimation_mode": "MEMSgyroEKF",
    "control_mode": "XYZWheel",
    "adcs_run_mode": "Enabled",
    "asgp4_mode": "Off",
    "cube_control_signal_enabled": true,
    "cube_control_motor_enabled": true,
    "cube_sense1_enabled": true,
    "cube_sense2_enabled": false,
    "cube_wheel1_enabled": true,
    "cube_wheel2_enabled": true,
    "cube_wheel3_enabled": true,
    "cube_star_enabled": false,
    "gps_receiver_enabled": false,
    "gps_lna_power_enabled": false,
    "motor_driver_enabled": false,
    "sun_is_above_local_horizon": false,
    "cube_sense1_communication_error": false,
    "cube_sense2_communication_error": false,
    "cube_control_signal_communications_error": false,
    "cube_control_motor_communications_error": false,
    "cube_wheel1_communications_error": false,
    "cube_wheel2_communications_error": false,
    "cube_wheel3_communications_error": false,
    "cube_star_communications_error": false,
    "magnetometer_range_error": false,
    "cam1_sram_overcurrent_detected": false,
    "cam1_3v3_overcurrent_detected": false,
    "cam1_sensor_busy_error": false,
    "cam1_sensor_detection_error": false,
    "sun_sensor_range_error": false,
    "cam2_sram_overcurrent_detected": false,
    "cam2_3v3_overcurrent_detected": false,
    "cam2_sensor_busy_error": false,
    "cam2_sensor_detection_error": false,
    "nadir_sensor_range_error": false,
    "rate_sensor_range_error": false,
    "wheel_speed_range_error": false,
    "coarse_sun_sensor_error": true,
    "star_tracker_match_error": false,
    "star_tracker_overcurrent_detected": false,
    "orbit_parameters_are_invalid": false,
    "configuration_is_invalid": false,
    "control_mode_change_is_not_allowed": false,
    "estimator_change_is_not_allowed": false,
    "current_magnetometer_sampling_mode": "MainSignal",
    "modelled_and_measured_magnetic_field_differs_in_size": false,
    "node_recovery_error": true,
    "cube_sense1_runtime_error": false,
    "cube_sense2_runtime_error": false,
    "cube_control_signal_runtime_error": false,
    "cube_control_motor_runtime_error": false,
    "cube_wheel1_runtime_error": false,
    "cube_wheel2_runtime_error": false,
    "cube_wheel3_runtime_error": false,
    "cube_star_runtime_error": false,
    "magnetometer_error": false,
    "rate_sensor_failure": false,
    "estimated_roll_angle": 43,
    "estimated_pitch_angle": -9,
    "estimated_yaw_angle": 7,
    "estimated_q1": 37,
    "estimated_q2": -7,
    "estimated_q3": 5,
    "estimated_x_angular_rate": 0,
    "estimated_y_angular_rate": -2,
    "estimated_z_angular_rate": 3,
    "x_position": -16870,
    "y_position": -8682,
    "z_position": -19914,
    "x_velocity": -21844,
    "y_velocity": -4845,
    "z_velocity": 20625,
    "latitude": -4639,
    "longitude": 16315,
    "altitude": 29157,
    "ecef_position_x": 0,
    "ecef_position_y": 0,
    "ecef_position_z": 0
  }
}

cubeadcs-terminal{   "GetTelemetry": {     "telem_type": "AdcsStateAll"   }}
1/11{   "GetTelemetry": {     "telem_type": "AdcsStateAll"   }}
2025-05-01 12:17:32
cubeadcs-terminal: {
  "AdcsStateAll": {
    "attitude_estimation_mode": "MEMSgyroEKF",
    "control_mode": "XYZWheel",
    "adcs_run_mode": "Enabled",
    "asgp4_mode": "Off",
    "cube_control_signal_enabled": true,
    "cube_control_motor_enabled": true,
    "cube_sense1_enabled": true,
    "cube_sense2_enabled": false,
    "cube_wheel1_enabled": true,
    "cube_wheel2_enabled": true,
    "cube_wheel3_enabled": true,
    "cube_star_enabled": false,
    "gps_receiver_enabled": false,
    "gps_lna_power_enabled": false,
    "motor_driver_enabled": false,
    "sun_is_above_local_horizon": false,
    "cube_sense1_communication_error": false,
    "cube_sense2_communication_error": false,
    "cube_control_signal_communications_error": false,
    "cube_control_motor_communications_error": false,
    "cube_wheel1_communications_error": false,
    "cube_wheel2_communications_error": false,
    "cube_wheel3_communications_error": false,
    "cube_star_communications_error": false,
    "magnetometer_range_error": false,
    "cam1_sram_overcurrent_detected": false,
    "cam1_3v3_overcurrent_detected": false,
    "cam1_sensor_busy_error": false,
    "cam1_sensor_detection_error": false,
    "sun_sensor_range_error": false,
    "cam2_sram_overcurrent_detected": false,
    "cam2_3v3_overcurrent_detected": false,
    "cam2_sensor_busy_error": false,
    "cam2_sensor_detection_error": false,
    "nadir_sensor_range_error": false,
    "rate_sensor_range_error": false,
    "wheel_speed_range_error": false,
    "coarse_sun_sensor_error": true,
    "star_tracker_match_error": false,
    "star_tracker_overcurrent_detected": false,
    "orbit_parameters_are_invalid": false,
    "configuration_is_invalid": false,
    "control_mode_change_is_not_allowed": false,
    "estimator_change_is_not_allowed": false,
    "current_magnetometer_sampling_mode": "MainSignal",
    "modelled_and_measured_magnetic_field_differs_in_size": false,
    "node_recovery_error": true,
    "cube_sense1_runtime_error": false,
    "cube_sense2_runtime_error": false,
    "cube_control_signal_runtime_error": false,
    "cube_control_motor_runtime_error": false,
    "cube_wheel1_runtime_error": false,
    "cube_wheel2_runtime_error": false,
    "cube_wheel3_runtime_error": false,
    "cube_star_runtime_error": false,
    "magnetometer_error": false,
    "rate_sensor_failure": false,
    "estimated_roll_angle": 44,
    "estimated_pitch_angle": -8,
    "estimated_yaw_angle": 8,
    "estimated_q1": 38,
    "estimated_q2": -7,
    "estimated_q3": 7,
    "estimated_x_angular_rate": 1,
    "estimated_y_angular_rate": 3,
    "estimated_z_angular_rate": -1,
    "x_position": -16936,
    "y_position": -8697,
    "z_position": -19852,
    "x_velocity": -21782,
    "y_velocity": -4814,
    "z_velocity": 20698,
    "latitude": -4620,
    "longitude": 16309,
    "altitude": 29173,
    "ecef_position_x": 0,
    "ecef_position_y": 0,
    "ecef_position_z": 0
  }
}

isis-eps-terminal{   "PiuHk": {     "mode": "PIUEngHK"   }}
1/11{   "PiuHk": {     "mode": "PIUEngHK"   }}
2025-05-01 12:17:35
isis-eps-terminal: {
  "volt_brdsup": 3306,
  "temp": 440,
  "vip_dist_input": {
    "volt": 15537,
    "curr": 372,
    "pwr": 6330
  },
  "vip_batt_input": {
    "volt": 15557,
    "curr": -372,
    "pwr": -6400
  },
  "stat_ch_on": 4395,
  "stat_ch_ocf": 0,
  "batt_stat": 32768,
  "batt_temp2": 685,
  "batt_temp3": 597,
  "volt_vd0": 15537,
  "volt_vd1": 4994,
  "volt_vd2": 3306,
  "vip_cnt_ch00": {
    "volt": 15526,
    "curr": 184,
    "pwr": 3210
  },
  "vip_cnt_ch01": {
    "volt": 4995,
    "curr": 1,
    "pwr": 390
  },
  "vip_cnt_ch02": {
    "volt": -23,
    "curr": -1,
    "pwr": 0
  },
  "vip_cnt_ch03": {
    "volt": 4982,
    "curr": 256,
    "pwr": 1280
  },
  "vip_cnt_ch04": {
    "volt": 532,
    "curr": -1,
    "pwr": 0
  },
  "vip_cnt_ch05": {
    "volt": 3339,
    "curr": 53,
    "pwr": 150
  },
  "vip_cnt_ch06": {
    "volt": -184,
    "curr": -1,
    "pwr": 0
  },
  "vip_cnt_ch07": {
    "volt": -194,
    "curr": -1,
    "pwr": 0
  },
  "vip_cnt_ch08": {
    "volt": 3334,
    "curr": 149,
    "pwr": 510
  },
  "ccd1": {
    "volt_in_mppt": 0,
    "curr_in_mppt": 0,
    "volt_out_mppt": 0,
    "curr_out_mppt": 0
  },
  "ccd2": {
    "volt_in_mppt": 0,
    "curr_in_mppt": 0,
    "volt_out_mppt": 0,
    "curr_out_mppt": 0
  },
  "ccd3": {
    "volt_in_mppt": 0,
    "curr_in_mppt": 0,
    "volt_out_mppt": 0,
    "curr_out_mppt": 0
  },
  "vip_cnt_ch09": {
    "volt": -179,
    "curr": -1,
    "pwr": 0
  },
  "vip_cnt_ch10": {
    "volt": -177,
    "curr": 0,
    "pwr": 0
  },
  "vip_cnt_ch11": {
    "volt": -176,
    "curr": 0,
    "pwr": 0
  },
  "vip_cnt_ch12": {
    "volt": 5427,
    "curr": 61,
    "pwr": 290
  },
  "vip_cnt_ch13": {
    "volt": -15,
    "curr": 0,
    "pwr": 0
  },
  "vip_cnt_ch14": {
    "volt": -30,
    "curr": -1,
    "pwr": 0
  },
  "vip_cnt_ch15": {
    "volt": -181,
    "curr": -1,
    "pwr": 0
  },
  "ccd4": {
    "volt_in_mppt": 0,
    "curr_in_mppt": 0,
    "volt_out_mppt": 0,
    "curr_out_mppt": 0
  },
  "ccd5": {
    "volt_in_mppt": 0,
    "curr_in_mppt": 0,
    "volt_out_mppt": 0,
    "curr_out_mppt": 0
  },
  "stat_ch_ext_on": 0,
  "stat_ch_ext_ocf": 0,
  "vip_cnt_ch16": {
    "volt": 380,
    "curr": -1,
    "pwr": 0
  }
}

cubeadcs-terminal{   "GetTelemetry": {     "telem_type": "AdcsStateAll"   }}
1/11{   "GetTelemetry": {     "telem_type": "AdcsStateAll"   }}
2025-05-01 12:17:39
cubeadcs-terminal: {
  "AdcsStateAll": {
    "attitude_estimation_mode": "MEMSgyroEKF",
    "control_mode": "XYZWheel",
    "adcs_run_mode": "Enabled",
    "asgp4_mode": "Off",
    "cube_control_signal_enabled": true,
    "cube_control_motor_enabled": true,
    "cube_sense1_enabled": true,
    "cube_sense2_enabled": false,
    "cube_wheel1_enabled": true,
    "cube_wheel2_enabled": true,
    "cube_wheel3_enabled": true,
    "cube_star_enabled": false,
    "gps_receiver_enabled": false,
    "gps_lna_power_enabled": false,
    "motor_driver_enabled": false,
    "sun_is_above_local_horizon": false,
    "cube_sense1_communication_error": false,
    "cube_sense2_communication_error": false,
    "cube_control_signal_communications_error": false,
    "cube_control_motor_communications_error": false,
    "cube_wheel1_communications_error": false,
    "cube_wheel2_communications_error": false,
    "cube_wheel3_communications_error": false,
    "cube_star_communications_error": false,
    "magnetometer_range_error": false,
    "cam1_sram_overcurrent_detected": false,
    "cam1_3v3_overcurrent_detected": false,
    "cam1_sensor_busy_error": false,
    "cam1_sensor_detection_error": false,
    "sun_sensor_range_error": false,
    "cam2_sram_overcurrent_detected": false,
    "cam2_3v3_overcurrent_detected": false,
    "cam2_sensor_busy_error": false,
    "cam2_sensor_detection_error": false,
    "nadir_sensor_range_error": false,
    "rate_sensor_range_error": false,
    "wheel_speed_range_error": false,
    "coarse_sun_sensor_error": true,
    "star_tracker_match_error": false,
    "star_tracker_overcurrent_detected": false,
    "orbit_parameters_are_invalid": false,
    "configuration_is_invalid": false,
    "control_mode_change_is_not_allowed": false,
    "estimator_change_is_not_allowed": false,
    "current_magnetometer_sampling_mode": "MainSignal",
    "modelled_and_measured_magnetic_field_differs_in_size": false,
    "node_recovery_error": true,
    "cube_sense1_runtime_error": false,
    "cube_sense2_runtime_error": false,
    "cube_control_signal_runtime_error": false,
    "cube_control_motor_runtime_error": false,
    "cube_wheel1_runtime_error": false,
    "cube_wheel2_runtime_error": false,
    "cube_wheel3_runtime_error": false,
    "cube_star_runtime_error": false,
    "magnetometer_error": false,
    "rate_sensor_failure": false,
    "estimated_roll_angle": 43,
    "estimated_pitch_angle": -2,
    "estimated_yaw_angle": 1,
    "estimated_q1": 37,
    "estimated_q2": -2,
    "estimated_q3": 1,
    "estimated_x_angular_rate": 0,
    "estimated_y_angular_rate": 1,
    "estimated_z_angular_rate": -1,
    "x_position": -17044,
    "y_position": -8721,
    "z_position": -19749,
    "x_velocity": -21678,
    "y_velocity": -4760,
    "z_velocity": 20819,
    "latitude": -4589,
    "longitude": 16298,
    "altitude": 29197,
    "ecef_position_x": 0,
    "ecef_position_y": 0,
    "ecef_position_z": 0
  }
}

cubeadcs-terminal{   "GetTelemetry": {     "telem_type": "AdcsStateAll"   }}
1/11{   "GetTelemetry": {     "telem_type": "AdcsStateAll"   }}
2025-05-01 12:17:42
cubeadcs-terminal: {
  "AdcsStateAll": {
    "attitude_estimation_mode": "MEMSgyroEKF",
    "control_mode": "XYZWheel",
    "adcs_run_mode": "Enabled",
    "asgp4_mode": "Off",
    "cube_control_signal_enabled": true,
    "cube_control_motor_enabled": true,
    "cube_sense1_enabled": true,
    "cube_sense2_enabled": false,
    "cube_wheel1_enabled": true,
    "cube_wheel2_enabled": true,
    "cube_wheel3_enabled": true,
    "cube_star_enabled": false,
    "gps_receiver_enabled": false,
    "gps_lna_power_enabled": false,
    "motor_driver_enabled": false,
    "sun_is_above_local_horizon": false,
    "cube_sense1_communication_error": false,
    "cube_sense2_communication_error": false,
    "cube_control_signal_communications_error": false,
    "cube_control_motor_communications_error": false,
    "cube_wheel1_communications_error": false,
    "cube_wheel2_communications_error": false,
    "cube_wheel3_communications_error": false,
    "cube_star_communications_error": false,
    "magnetometer_range_error": false,
    "cam1_sram_overcurrent_detected": false,
    "cam1_3v3_overcurrent_detected": false,
    "cam1_sensor_busy_error": false,
    "cam1_sensor_detection_error": false,
    "sun_sensor_range_error": false,
    "cam2_sram_overcurrent_detected": false,
    "cam2_3v3_overcurrent_detected": false,
    "cam2_sensor_busy_error": false,
    "cam2_sensor_detection_error": false,
    "nadir_sensor_range_error": false,
    "rate_sensor_range_error": false,
    "wheel_speed_range_error": false,
    "coarse_sun_sensor_error": true,
    "star_tracker_match_error": false,
    "star_tracker_overcurrent_detected": false,
    "orbit_parameters_are_invalid": false,
    "configuration_is_invalid": false,
    "control_mode_change_is_not_allowed": false,
    "estimator_change_is_not_allowed": false,
    "current_magnetometer_sampling_mode": "MainSignal",
    "modelled_and_measured_magnetic_field_differs_in_size": false,
    "node_recovery_error": true,
    "cube_sense1_runtime_error": false,
    "cube_sense2_runtime_error": false,
    "cube_control_signal_runtime_error": false,
    "cube_control_motor_runtime_error": false,
    "cube_wheel1_runtime_error": false,
    "cube_wheel2_runtime_error": false,
    "cube_wheel3_runtime_error": false,
    "cube_star_runtime_error": false,
    "magnetometer_error": false,
    "rate_sensor_failure": false,
    "estimated_roll_angle": 41,
    "estimated_pitch_angle": -5,
    "estimated_yaw_angle": 1,
    "estimated_q1": 35,
    "estimated_q2": -4,
    "estimated_q3": 1,
    "estimated_x_angular_rate": -1,
    "estimated_y_angular_rate": 0,
    "estimated_z_angular_rate": 0,
    "x_position": -17131,
    "y_position": -8740,
    "z_position": -19665,
    "x_velocity": -21594,
    "y_velocity": -4718,
    "z_velocity": 20916,
    "latitude": -4564,
    "longitude": 16290,
    "altitude": 29217,
    "ecef_position_x": 0,
    "ecef_position_y": 0,
    "ecef_position_z": 0
  }
}

