eps-ground-watchdog{   "KickWatchdog": {}}
1/11{   "KickWatchdog": {}}
2{   "KickWatchdog": {}}
3{   "KickWatchdog": {}}
4{   "KickWatchdog": {}}
5{   "KickWatchdog": {}}
6{   "KickWatchdog": {}}
7{   "KickWatchdog": {}}
8{   "KickWatchdog": {}}
9{   "KickWatchdog": {}}
10{   "KickWatchdog": {}}
2025-04-25 23:31:36
eps-ground-watchdog: "Success"

eps-ground-watchdog{   "GetTimeRemaining": {}}
1/11{   "GetTimeRemaining": {}}
2{   "GetTimeRemaining": {}}
2025-04-25 23:31:38
eps-ground-watchdog: "172799"

cubeadcs-terminal{   "GetTelemetry": {     "telem_type": "AdcsStateAll"   }}
1/11{   "GetTelemetry": {     "telem_type": "AdcsStateAll"   }}
2025-04-25 23:31:41
cubeadcs-terminal: {
  "AdcsStateAll": {
    "attitude_estimation_mode": "MEMSgyroEKF",
    "control_mode": "XYZWheel",
    "adcs_run_mode": "Enabled",
    "asgp4_mode": "Off",
    "cube_control_signal_enabled": true,
    "cube_control_motor_enabled": true,
    "cube_sense1_enabled": true,
    "cube_sense2_enabled": true,
    "cube_wheel1_enabled": true,
    "cube_wheel2_enabled": true,
    "cube_wheel3_enabled": true,
    "cube_star_enabled": false,
    "gps_receiver_enabled": false,
    "gps_lna_power_enabled": false,
    "motor_driver_enabled": false,
    "sun_is_above_local_horizon": true,
    "cube_sense1_communication_error": false,
    "cube_sense2_communication_error": false,
    "cube_control_signal_communications_error": false,
    "cube_control_motor_communications_error": false,
    "cube_wheel1_communications_error": false,
    "cube_wheel2_communications_error": false,
    "cube_wheel3_communications_error": false,
    "cube_star_communications_error": false,
    "magnetometer_range_error": false,
    "cam1_sram_overcurrent_detected": false,
    "cam1_3v3_overcurrent_detected": false,
    "cam1_sensor_busy_error": false,
    "cam1_sensor_detection_error": true,
    "sun_sensor_range_error": true,
    "cam2_sram_overcurrent_detected": false,
    "cam2_3v3_overcurrent_detected": false,
    "cam2_sensor_busy_error": false,
    "cam2_sensor_detection_error": true,
    "nadir_sensor_range_error": true,
    "rate_sensor_range_error": false,
    "wheel_speed_range_error": false,
    "coarse_sun_sensor_error": false,
    "star_tracker_match_error": false,
    "star_tracker_overcurrent_detected": false,
    "orbit_parameters_are_invalid": false,
    "configuration_is_invalid": false,
    "control_mode_change_is_not_allowed": false,
    "estimator_change_is_not_allowed": false,
    "current_magnetometer_sampling_mode": "MainSignal",
    "modelled_and_measured_magnetic_field_differs_in_size": false,
    "node_recovery_error": true,
    "cube_sense1_runtime_error": false,
    "cube_sense2_runtime_error": false,
    "cube_control_signal_runtime_error": false,
    "cube_control_motor_runtime_error": false,
    "cube_wheel1_runtime_error": false,
    "cube_wheel2_runtime_error": false,
    "cube_wheel3_runtime_error": false,
    "cube_star_runtime_error": false,
    "magnetometer_error": false,
    "rate_sensor_failure": false,
    "estimated_roll_angle": -6962,
    "estimated_pitch_angle": -12656,
    "estimated_yaw_angle": -7112,
    "estimated_q1": 2176,
    "estimated_q2": -7458,
    "estimated_q3": -6294,
    "estimated_x_angular_rate": 324,
    "estimated_y_angular_rate": -137,
    "estimated_z_angular_rate": 41,
    "x_position": 24047,
    "y_position": 4262,
    "z_position": -12647,
    "x_velocity": -12857,
    "y_velocity": -6766,
    "z_velocity": -26760,
    "latitude": -2738,
    "longitude": 16287,
    "altitude": 30695,
    "ecef_position_x": 0,
    "ecef_position_y": 0,
    "ecef_position_z": 0
  }
}

isis-eps-terminal{   "PiuHk": {     "mode": "PIUEngHK"   }}
1/11{   "PiuHk": {     "mode": "PIUEngHK"   }}
2025-04-25 23:31:44
isis-eps-terminal: {
  "volt_brdsup": 3298,
  "temp": 1320,
  "vip_dist_input": {
    "volt": 0,
    "curr": 0,
    "pwr": 0
  },
  "vip_batt_input": {
    "volt": 0,
    "curr": 0,
    "pwr": 0
  },
  "stat_ch_on": 4395,
  "stat_ch_ocf": 0,
  "batt_stat": 32768,
  "batt_temp2": 1064,
  "batt_temp3": 990,
  "volt_vd0": 0,
  "volt_vd1": 0,
  "volt_vd2": 3298,
  "vip_cnt_ch00": {
    "volt": 0,
    "curr": 0,
    "pwr": 0
  },
  "vip_cnt_ch01": {
    "volt": 0,
    "curr": 0,
    "pwr": 0
  },
  "vip_cnt_ch02": {
    "volt": 0,
    "curr": 0,
    "pwr": 0
  },
  "vip_cnt_ch03": {
    "volt": 0,
    "curr": 0,
    "pwr": 0
  },
  "vip_cnt_ch04": {
    "volt": 0,
    "curr": 0,
    "pwr": 0
  },
  "vip_cnt_ch05": {
    "volt": 0,
    "curr": 0,
    "pwr": 0
  },
  "vip_cnt_ch06": {
    "volt": 0,
    "curr": 0,
    "pwr": 0
  },
  "vip_cnt_ch07": {
    "volt": 0,
    "curr": 0,
    "pwr": 0
  },
  "vip_cnt_ch08": {
    "volt": 0,
    "curr": 0,
    "pwr": 0
  },
  "ccd1": {
    "volt_in_mppt": 0,
    "curr_in_mppt": 0,
    "volt_out_mppt": 0,
    "curr_out_mppt": 0
  },
  "ccd2": {
    "volt_in_mppt": 0,
    "curr_in_mppt": 0,
    "volt_out_mppt": 0,
    "curr_out_mppt": 0
  },
  "ccd3": {
    "volt_in_mppt": 0,
    "curr_in_mppt": 0,
    "volt_out_mppt": 0,
    "curr_out_mppt": 0
  },
  "vip_cnt_ch09": {
    "volt": 0,
    "curr": 0,
    "pwr": 0
  },
  "vip_cnt_ch10": {
    "volt": 0,
    "curr": 0,
    "pwr": 0
  },
  "vip_cnt_ch11": {
    "volt": 0,
    "curr": 0,
    "pwr": 0
  },
  "vip_cnt_ch12": {
    "volt": 0,
    "curr": 0,
    "pwr": 0
  },
  "vip_cnt_ch13": {
    "volt": 0,
    "curr": 0,
    "pwr": 0
  },
  "vip_cnt_ch14": {
    "volt": 0,
    "curr": 0,
    "pwr": 0
  },
  "vip_cnt_ch15": {
    "volt": 0,
    "curr": 0,
    "pwr": 0
  },
  "ccd4": {
    "volt_in_mppt": 0,
    "curr_in_mppt": 0,
    "volt_out_mppt": 0,
    "curr_out_mppt": 0
  },
  "ccd5": {
    "volt_in_mppt": 0,
    "curr_in_mppt": 0,
    "volt_out_mppt": 0,
    "curr_out_mppt": 0
  },
  "stat_ch_ext_on": 0,
  "stat_ch_ext_ocf": 0,
  "vip_cnt_ch16": {
    "volt": 0,
    "curr": 0,
    "pwr": 0
  }
}

cubeadcs-terminal{   "GetTelemetry": {     "telem_type": "AdcsStateAll"   }}
1/11{   "GetTelemetry": {     "telem_type": "AdcsStateAll"   }}
2025-04-25 23:31:48
cubeadcs-terminal: {
  "AdcsStateAll": {
    "attitude_estimation_mode": "MEMSgyroEKF",
    "control_mode": "XYZWheel",
    "adcs_run_mode": "Enabled",
    "asgp4_mode": "Off",
    "cube_control_signal_enabled": true,
    "cube_control_motor_enabled": true,
    "cube_sense1_enabled": true,
    "cube_sense2_enabled": true,
    "cube_wheel1_enabled": true,
    "cube_wheel2_enabled": true,
    "cube_wheel3_enabled": true,
    "cube_star_enabled": false,
    "gps_receiver_enabled": false,
    "gps_lna_power_enabled": false,
    "motor_driver_enabled": false,
    "sun_is_above_local_horizon": true,
    "cube_sense1_communication_error": false,
    "cube_sense2_communication_error": false,
    "cube_control_signal_communications_error": false,
    "cube_control_motor_communications_error": false,
    "cube_wheel1_communications_error": false,
    "cube_wheel2_communications_error": false,
    "cube_wheel3_communications_error": false,
    "cube_star_communications_error": false,
    "magnetometer_range_error": false,
    "cam1_sram_overcurrent_detected": false,
    "cam1_3v3_overcurrent_detected": false,
    "cam1_sensor_busy_error": false,
    "cam1_sensor_detection_error": false,
    "sun_sensor_range_error": true,
    "cam2_sram_overcurrent_detected": false,
    "cam2_3v3_overcurrent_detected": false,
    "cam2_sensor_busy_error": false,
    "cam2_sensor_detection_error": true,
    "nadir_sensor_range_error": true,
    "rate_sensor_range_error": false,
    "wheel_speed_range_error": true,
    "coarse_sun_sensor_error": false,
    "star_tracker_match_error": false,
    "star_tracker_overcurrent_detected": false,
    "orbit_parameters_are_invalid": false,
    "configuration_is_invalid": false,
    "control_mode_change_is_not_allowed": false,
    "estimator_change_is_not_allowed": false,
    "current_magnetometer_sampling_mode": "MainSignal",
    "modelled_and_measured_magnetic_field_differs_in_size": false,
    "node_recovery_error": true,
    "cube_sense1_runtime_error": false,
    "cube_sense2_runtime_error": false,
    "cube_control_signal_runtime_error": false,
    "cube_control_motor_runtime_error": false,
    "cube_wheel1_runtime_error": false,
    "cube_wheel2_runtime_error": false,
    "cube_wheel3_runtime_error": false,
    "cube_star_runtime_error": false,
    "magnetometer_error": false,
    "rate_sensor_failure": false,
    "estimated_roll_angle": -6792,
    "estimated_pitch_angle": 16793,
    "estimated_yaw_angle": -1300,
    "estimated_q1": 1517,
    "estimated_q2": -8128,
    "estimated_q3": -5421,
    "estimated_x_angular_rate": 237,
    "estimated_y_angular_rate": -407,
    "estimated_z_angular_rate": -207,
    "x_position": 23969,
    "y_position": 4221,
    "z_position": -12808,
    "x_velocity": -13034,
    "y_velocity": -6797,
    "z_velocity": -26666,
    "latitude": -2776,
    "longitude": 16279,
    "altitude": 30667,
    "ecef_position_x": 0,
    "ecef_position_y": 0,
    "ecef_position_z": 0
  }
}

