12:41:55 [0m[34m[INFO] [0mStarting file transfer client
12:41:55 [0m[34m[INFO] [0mDownloading remote to local: ./download/
12:41:55 [0m[36m[DEBUG] [0m(1) file_protocol::protocol: -> { ReqTransmit { channel_id: 702296, path: None } }
12:41:58 [0m[34m[INFO] [0mSuccessTransmit: 702296 ls_output.json f7c000a89d95c9d9306d437442de10fd 32 Some(33188) false
12:41:59 [0m[34m[INFO] [0mSuccessTransmit: 702296 ls_output.json f7c000a89d95c9d9306d437442de10fd 32 Some(33188) false
12:41:59 [0m[34m[INFO] [0mSuccessTransmit: 702296 dandelions.txt 90fc6a0bfb56723daeaaec7f1a3d1ce3 19 Some(33188) true
12:41:59 [0m[36m[DEBUG] [0m(1) file_protocol::protocol: <- { SuccessTransmit { channel_id: 702296, file_name: "ls_output.json", hash: "f7c000a89d95c9d9306d437442de10fd", num_chunks: 32, mode: Some(33188), last: false } }
12:41:59 [0m[34m[INFO] [0m<- { 702296, true, f7c000a89d95c9d9306d437442de10fd, 32, 33188 }
12:41:59 [0m[36m[DEBUG] [0m(1) file_protocol::protocol: -> { NAK { channel_id: 702296, hash: "f7c000a89d95c9d9306d437442de10fd", missing_chunks: Some([24, 32]) } }
12:41:59 [0m[34m[INFO] [0mStart receiving file: ls_output.json
12:42:03 [0m[36m[DEBUG] [0m(1) file_protocol::protocol: <- { ReceiveChunk { channel_id: 702296, hash: "f7c000a89d95c9d9306d437442de10fd", chunk_num: 24 } }
12:42:04 [0m[36m[DEBUG] [0m(1) file_protocol::protocol: <- { ReceiveChunk { channel_id: 702296, hash: "f7c000a89d95c9d9306d437442de10fd", chunk_num: 24 } }
12:42:06 [0m[36m[DEBUG] [0m(1) file_protocol::protocol: <- { ReceiveChunk { channel_id: 702296, hash: "f7c000a89d95c9d9306d437442de10fd", chunk_num: 25 } }
12:42:08 [0m[36m[DEBUG] [0m(1) file_protocol::protocol: <- { ReceiveChunk { channel_id: 702296, hash: "f7c000a89d95c9d9306d437442de10fd", chunk_num: 25 } }
12:42:10 [0m[36m[DEBUG] [0m(1) file_protocol::protocol: <- { ReceiveChunk { channel_id: 702296, hash: "f7c000a89d95c9d9306d437442de10fd", chunk_num: 26 } }
12:42:11 [0m[36m[DEBUG] [0m(1) file_protocol::protocol: <- { ReceiveChunk { channel_id: 702296, hash: "f7c000a89d95c9d9306d437442de10fd", chunk_num: 26 } }
12:42:15 [0m[36m[DEBUG] [0m(1) file_protocol::protocol: <- { ReceiveChunk { channel_id: 702296, hash: "f7c000a89d95c9d9306d437442de10fd", chunk_num: 27 } }
12:42:24 [0m[36m[DEBUG] [0m(1) file_protocol::protocol: <- { ReceiveChunk { channel_id: 702296, hash: "f7c000a89d95c9d9306d437442de10fd", chunk_num: 30 } }
12:42:29 [0m[36m[DEBUG] [0m(1) file_protocol::protocol: <- { ReceiveChunk { channel_id: 702296, hash: "f7c000a89d95c9d9306d437442de10fd", chunk_num: 31 } }
12:42:50 [0m[36m[DEBUG] [0m(1) file_protocol::protocol: -> { NAK { channel_id: 702296, hash: "f7c000a89d95c9d9306d437442de10fd", missing_chunks: Some([28, 30]) } }
12:42:53 [0m[36m[DEBUG] [0m(1) file_protocol::protocol: <- { ReceiveChunk { channel_id: 702296, hash: "f7c000a89d95c9d9306d437442de10fd", chunk_num: 28 } }
12:42:54 [0m[36m[DEBUG] [0m(1) file_protocol::protocol: <- { ReceiveChunk { channel_id: 702296, hash: "f7c000a89d95c9d9306d437442de10fd", chunk_num: 28 } }
12:43:16 [0m[36m[DEBUG] [0m(1) file_protocol::protocol: -> { NAK { channel_id: 702296, hash: "f7c000a89d95c9d9306d437442de10fd", missing_chunks: Some([29, 30]) } }
