eps-ground-watchdog{   "KickWatchdog": {}}
1/11{   "KickWatchdog": {}}
2025-04-01 12:19:07
eps-ground-watchdog: "Success"

eps-ground-watchdog{   "GetTimeRemaining": {}}
1/11{   "GetTimeRemaining": {}}
2{   "GetTimeRemaining": {}}
2025-04-01 12:19:09
eps-ground-watchdog: "172798"

isis-eps-terminal{   "SetSingleOutput": {     "typ_channel": "Off",     "eps_ch_idx": 14   }}
1/11{   "SetSingleOutput": {     "typ_channel": "Off",     "eps_ch_idx": 14   }}
2025-04-01 12:19:11
isis-eps-terminal: Success

isis-eps-terminal{   "PiuHk": {     "mode": "PIUEngHK"   }}
1/11{   "PiuHk": {     "mode": "PIUEngHK"   }}
2025-04-01 12:19:14
isis-eps-terminal: {
  "volt_brdsup": 3306,
  "temp": 0,
  "vip_dist_input": {
    "volt": 15484,
    "curr": 254,
    "pwr": 4060
  },
  "vip_batt_input": {
    "volt": 15492,
    "curr": -258,
    "pwr": -4110
  },
  "stat_ch_on": 4411,
  "stat_ch_ocf": 0,
  "batt_stat": 32768,
  "batt_temp2": 521,
  "batt_temp3": 458,
  "volt_vd0": 15484,
  "volt_vd1": 4992,
  "volt_vd2": 3306,
  "vip_cnt_ch00": {
    "volt": 15477,
    "curr": 46,
    "pwr": 850
  },
  "vip_cnt_ch01": {
    "volt": 4991,
    "curr": 1,
    "pwr": 50
  },
  "vip_cnt_ch02": {
    "volt": -23,
    "curr": 0,
    "pwr": 0
  },
  "vip_cnt_ch03": {
    "volt": 4981,
    "curr": 215,
    "pwr": 1070
  },
  "vip_cnt_ch04": {
    "volt": 4982,
    "curr": 191,
    "pwr": 950
  },
  "vip_cnt_ch05": {
    "volt": 3335,
    "curr": 39,
    "pwr": 150
  },
  "vip_cnt_ch06": {
    "volt": -185,
    "curr": -1,
    "pwr": 0
  },
  "vip_cnt_ch07": {
    "volt": -197,
    "curr": 0,
    "pwr": 0
  },
  "vip_cnt_ch08": {
    "volt": 3333,
    "curr": 164,
    "pwr": 510
  },
  "ccd1": {
    "volt_in_mppt": 0,
    "curr_in_mppt": 0,
    "volt_out_mppt": 0,
    "curr_out_mppt": 0
  },
  "ccd2": {
    "volt_in_mppt": 0,
    "curr_in_mppt": 0,
    "volt_out_mppt": 0,
    "curr_out_mppt": 0
  },
  "ccd3": {
    "volt_in_mppt": 0,
    "curr_in_mppt": 0,
    "volt_out_mppt": 0,
    "curr_out_mppt": 0
  },
  "vip_cnt_ch09": {
    "volt": -180,
    "curr": -1,
    "pwr": 0
  },
  "vip_cnt_ch10": {
    "volt": -178,
    "curr": -1,
    "pwr": 0
  },
  "vip_cnt_ch11": {
    "volt": -177,
    "curr": 0,
    "pwr": 0
  },
  "vip_cnt_ch12": {
    "volt": 5440,
    "curr": -1,
    "pwr": 0
  },
  "vip_cnt_ch13": {
    "volt": -16,
    "curr": -1,
    "pwr": 0
  },
  "vip_cnt_ch14": {
    "volt": -30,
    "curr": 0,
    "pwr": 0
  },
  "vip_cnt_ch15": {
    "volt": -184,
    "curr": 0,
    "pwr": 0
  },
  "ccd4": {
    "volt_in_mppt": 0,
    "curr_in_mppt": 0,
    "volt_out_mppt": 0,
    "curr_out_mppt": 0
  },
  "ccd5": {
    "volt_in_mppt": 0,
    "curr_in_mppt": 0,
    "volt_out_mppt": 0,
    "curr_out_mppt": 0
  },
  "stat_ch_ext_on": 0,
  "stat_ch_ext_ocf": 0,
  "vip_cnt_ch16": {
    "volt": 379,
    "curr": 0,
    "pwr": 0
  }
}

isis-eps-terminal{   "SetSingleOutput": {     "typ_channel": "Off",     "eps_ch_idx": 14   }}
1/11{   "SetSingleOutput": {     "typ_channel": "Off",     "eps_ch_idx": 14   }}
2025-04-01 12:19:16
isis-eps-terminal: Success

isis-eps-terminal{   "PiuHk": {     "mode": "PIUEngHK"   }}
1/11{   "PiuHk": {     "mode": "PIUEngHK"   }}
2{   "PiuHk": {     "mode": "PIUEngHK"   }}
2025-04-01 12:19:28
isis-eps-terminal: {
  "volt_brdsup": 3296,
  "temp": 280,
  "vip_dist_input": {
    "volt": 15467,
    "curr": 263,
    "pwr": 4710
  },
  "vip_batt_input": {
    "volt": 15478,
    "curr": -268,
    "pwr": -4760
  },
  "stat_ch_on": 4411,
  "stat_ch_ocf": 0,
  "batt_stat": 32768,
  "batt_temp2": 539,
  "batt_temp3": 462,
  "volt_vd0": 15467,
  "volt_vd1": 4993,
  "volt_vd2": 3296,
  "vip_cnt_ch00": {
    "volt": 15459,
    "curr": 46,
    "pwr": 730
  },
  "vip_cnt_ch01": {
    "volt": 4994,
    "curr": 1,
    "pwr": 560
  },
  "vip_cnt_ch02": {
    "volt": -24,
    "curr": -1,
    "pwr": 0
  },
  "vip_cnt_ch03": {
    "volt": 4984,
    "curr": 256,
    "pwr": 1270
  },
  "vip_cnt_ch04": {
    "volt": 4986,
    "curr": 191,
    "pwr": 950
  },
  "vip_cnt_ch05": {
    "volt": 3337,
    "curr": 49,
    "pwr": 150
  },
  "vip_cnt_ch06": {
    "volt": -186,
    "curr": 0,
    "pwr": 0
  },
  "vip_cnt_ch07": {
    "volt": -195,
    "curr": 0,
    "pwr": 0
  },
  "vip_cnt_ch08": {
    "volt": 3332,
    "curr": 139,
    "pwr": 510
  },
  "ccd1": {
    "volt_in_mppt": 0,
    "curr_in_mppt": 0,
    "volt_out_mppt": 0,
    "curr_out_mppt": 0
  },
  "ccd2": {
    "volt_in_mppt": 0,
    "curr_in_mppt": 0,
    "volt_out_mppt": 0,
    "curr_out_mppt": 0
  },
  "ccd3": {
    "volt_in_mppt": 0,
    "curr_in_mppt": 0,
    "volt_out_mppt": 0,
    "curr_out_mppt": 0
  },
  "vip_cnt_ch09": {
    "volt": -180,
    "curr": 0,
    "pwr": 0
  },
  "vip_cnt_ch10": {
    "volt": -179,
    "curr": -1,
    "pwr": 0
  },
  "vip_cnt_ch11": {
    "volt": -178,
    "curr": 0,
    "pwr": 0
  },
  "vip_cnt_ch12": {
    "volt": 5441,
    "curr": -1,
    "pwr": 0
  },
  "vip_cnt_ch13": {
    "volt": -15,
    "curr": -1,
    "pwr": 0
  },
  "vip_cnt_ch14": {
    "volt": -30,
    "curr": 0,
    "pwr": 0
  },
  "vip_cnt_ch15": {
    "volt": -182,
    "curr": -1,
    "pwr": 0
  },
  "ccd4": {
    "volt_in_mppt": 0,
    "curr_in_mppt": 0,
    "volt_out_mppt": 0,
    "curr_out_mppt": 0
  },
  "ccd5": {
    "volt_in_mppt": 0,
    "curr_in_mppt": 0,
    "volt_out_mppt": 0,
    "curr_out_mppt": 0
  },
  "stat_ch_ext_on": 0,
  "stat_ch_ext_ocf": 0,
  "vip_cnt_ch16": {
    "volt": 379,
    "curr": 0,
    "pwr": 0
  }
}

cubeadcs-terminal{   "GetTelemetry": {     "telem_type": "AdcsStateAll"   }}
1/11{   "GetTelemetry": {     "telem_type": "AdcsStateAll"   }}
2025-04-01 12:19:30
cubeadcs-terminal: {
  "AdcsStateAll": {
    "attitude_estimation_mode": "MEMSgyroEKF",
    "control_mode": "XYZWheel",
    "adcs_run_mode": "Enabled",
    "asgp4_mode": "Off",
    "cube_control_signal_enabled": true,
    "cube_control_motor_enabled": true,
    "cube_sense1_enabled": true,
    "cube_sense2_enabled": false,
    "cube_wheel1_enabled": true,
    "cube_wheel2_enabled": true,
    "cube_wheel3_enabled": true,
    "cube_star_enabled": false,
    "gps_receiver_enabled": false,
    "gps_lna_power_enabled": false,
    "motor_driver_enabled": false,
    "sun_is_above_local_horizon": false,
    "cube_sense1_communication_error": false,
    "cube_sense2_communication_error": false,
    "cube_control_signal_communications_error": false,
    "cube_control_motor_communications_error": false,
    "cube_wheel1_communications_error": false,
    "cube_wheel2_communications_error": false,
    "cube_wheel3_communications_error": false,
    "cube_star_communications_error": false,
    "magnetometer_range_error": false,
    "cam1_sram_overcurrent_detected": false,
    "cam1_3v3_overcurrent_detected": false,
    "cam1_sensor_busy_error": false,
    "cam1_sensor_detection_error": false,
    "sun_sensor_range_error": false,
    "cam2_sram_overcurrent_detected": false,
    "cam2_3v3_overcurrent_detected": false,
    "cam2_sensor_busy_error": false,
    "cam2_sensor_detection_error": false,
    "nadir_sensor_range_error": false,
    "rate_sensor_range_error": false,
    "wheel_speed_range_error": false,
    "coarse_sun_sensor_error": true,
    "star_tracker_match_error": false,
    "star_tracker_overcurrent_detected": false,
    "orbit_parameters_are_invalid": false,
    "configuration_is_invalid": false,
    "control_mode_change_is_not_allowed": false,
    "estimator_change_is_not_allowed": false,
    "current_magnetometer_sampling_mode": "MainSignal",
    "modelled_and_measured_magnetic_field_differs_in_size": false,
    "node_recovery_error": true,
    "cube_sense1_runtime_error": false,
    "cube_sense2_runtime_error": false,
    "cube_control_signal_runtime_error": false,
    "cube_control_motor_runtime_error": false,
    "cube_wheel1_runtime_error": false,
    "cube_wheel2_runtime_error": false,
    "cube_wheel3_runtime_error": false,
    "cube_star_runtime_error": false,
    "magnetometer_error": false,
    "rate_sensor_failure": false,
    "estimated_roll_angle": -3973,
    "estimated_pitch_angle": -26,
    "estimated_yaw_angle": 44,
    "estimated_q1": 3397,
    "estimated_q2": 8,
    "estimated_q3": -28,
    "estimated_x_angular_rate": -1,
    "estimated_y_angular_rate": 6,
    "estimated_z_angular_rate": -3,
    "x_position": -18961,
    "y_position": 802,
    "z_position": -19918,
    "x_velocity": -21371,
    "y_velocity": 6598,
    "z_velocity": 20632,
    "latitude": -4638,
    "longitude": 16254,
    "altitude": 28885,
    "ecef_position_x": 0,
    "ecef_position_y": 0,
    "ecef_position_z": 0
  }
}

