eps-ground-watchdog{   "KickWatchdog": {}}
1/11{   "KickWatchdog": {}}
2025-04-02 13:32:08
eps-ground-watchdog: "Success"

eps-ground-watchdog{   "GetTimeRemaining": {}}
1/11{   "GetTimeRemaining": {}}
2{   "GetTimeRemaining": {}}
3{   "GetTimeRemaining": {}}
4{   "GetTimeRemaining": {}}
2025-04-02 13:32:34
eps-ground-watchdog: "172774"

isis-eps-terminal{   "SetSingleOutput": {     "typ_channel": "Off",     "eps_ch_idx": 14   }}
1/11{   "SetSingleOutput": {     "typ_channel": "Off",     "eps_ch_idx": 14   }}
2025-04-02 13:32:36
isis-eps-terminal: Success

isis-eps-terminal{   "PiuHk": {     "mode": "PIUEngHK"   }}
1/11{   "PiuHk": {     "mode": "PIUEngHK"   }}
2{   "PiuHk": {     "mode": "PIUEngHK"   }}
3{   "PiuHk": {     "mode": "PIUEngHK"   }}
4{   "PiuHk": {     "mode": "PIUEngHK"   }}
2025-04-02 13:32:57
isis-eps-terminal: {
  "volt_brdsup": 3326,
  "temp": 1240,
  "vip_dist_input": {
    "volt": 15635,
    "curr": 298,
    "pwr": 4860
  },
  "vip_batt_input": {
    "volt": 15645,
    "curr": -295,
    "pwr": -4910
  },
  "stat_ch_on": 4411,
  "stat_ch_ocf": 0,
  "batt_stat": 32768,
  "batt_temp2": 1246,
  "batt_temp3": 1068,
  "volt_vd0": 15635,
  "volt_vd1": 4992,
  "volt_vd2": 3326,
  "vip_cnt_ch00": {
    "volt": 15627,
    "curr": 55,
    "pwr": 810
  },
  "vip_cnt_ch01": {
    "volt": 4986,
    "curr": 117,
    "pwr": 650
  },
  "vip_cnt_ch02": {
    "volt": -22,
    "curr": -1,
    "pwr": 0
  },
  "vip_cnt_ch03": {
    "volt": 4981,
    "curr": 218,
    "pwr": 1240
  },
  "vip_cnt_ch04": {
    "volt": 4985,
    "curr": 195,
    "pwr": 960
  },
  "vip_cnt_ch05": {
    "volt": 3337,
    "curr": 45,
    "pwr": 150
  },
  "vip_cnt_ch06": {
    "volt": -181,
    "curr": -1,
    "pwr": 0
  },
  "vip_cnt_ch07": {
    "volt": -193,
    "curr": 0,
    "pwr": 0
  },
  "vip_cnt_ch08": {
    "volt": 3332,
    "curr": 148,
    "pwr": 530
  },
  "ccd1": {
    "volt_in_mppt": 0,
    "curr_in_mppt": 0,
    "volt_out_mppt": 0,
    "curr_out_mppt": 0
  },
  "ccd2": {
    "volt_in_mppt": 0,
    "curr_in_mppt": 0,
    "volt_out_mppt": 0,
    "curr_out_mppt": 0
  },
  "ccd3": {
    "volt_in_mppt": 0,
    "curr_in_mppt": 0,
    "volt_out_mppt": 0,
    "curr_out_mppt": 0
  },
  "vip_cnt_ch09": {
    "volt": -174,
    "curr": -1,
    "pwr": 0
  },
  "vip_cnt_ch10": {
    "volt": -173,
    "curr": 0,
    "pwr": 0
  },
  "vip_cnt_ch11": {
    "volt": -172,
    "curr": 0,
    "pwr": 0
  },
  "vip_cnt_ch12": {
    "volt": 5432,
    "curr": 0,
    "pwr": 0
  },
  "vip_cnt_ch13": {
    "volt": -9,
    "curr": -1,
    "pwr": 0
  },
  "vip_cnt_ch14": {
    "volt": -28,
    "curr": -1,
    "pwr": 0
  },
  "vip_cnt_ch15": {
    "volt": -179,
    "curr": -1,
    "pwr": 0
  },
  "ccd4": {
    "volt_in_mppt": 0,
    "curr_in_mppt": 0,
    "volt_out_mppt": 0,
    "curr_out_mppt": 0
  },
  "ccd5": {
    "volt_in_mppt": 0,
    "curr_in_mppt": 0,
    "volt_out_mppt": 0,
    "curr_out_mppt": 0
  },
  "stat_ch_ext_on": 0,
  "stat_ch_ext_ocf": 0,
  "vip_cnt_ch16": {
    "volt": 378,
    "curr": 0,
    "pwr": 0
  }
}

isis-eps-terminal{   "SetSingleOutput": {     "typ_channel": "Off",     "eps_ch_idx": 14   }}
1/11{   "SetSingleOutput": {     "typ_channel": "Off",     "eps_ch_idx": 14   }}
2025-04-02 13:32:59
isis-eps-terminal: Success

isis-eps-terminal{   "PiuHk": {     "mode": "PIUEngHK"   }}
1/11{   "PiuHk": {     "mode": "PIUEngHK"   }}
2025-04-02 13:33:03
isis-eps-terminal: {
  "volt_brdsup": 3320,
  "temp": 1200,
  "vip_dist_input": {
    "volt": 15649,
    "curr": 267,
    "pwr": 5850
  },
  "vip_batt_input": {
    "volt": 15659,
    "curr": -275,
    "pwr": -5970
  },
  "stat_ch_on": 4411,
  "stat_ch_ocf": 0,
  "batt_stat": 32768,
  "batt_temp2": 1254,
  "batt_temp3": 1047,
  "volt_vd0": 15649,
  "volt_vd1": 4995,
  "volt_vd2": 3320,
  "vip_cnt_ch00": {
    "volt": 15639,
    "curr": 53,
    "pwr": 1910
  },
  "vip_cnt_ch01": {
    "volt": 4995,
    "curr": -1,
    "pwr": 500
  },
  "vip_cnt_ch02": {
    "volt": -23,
    "curr": -1,
    "pwr": 0
  },
  "vip_cnt_ch03": {
    "volt": 4984,
    "curr": 258,
    "pwr": 1290
  },
  "vip_cnt_ch04": {
    "volt": 4988,
    "curr": 194,
    "pwr": 960
  },
  "vip_cnt_ch05": {
    "volt": 3339,
    "curr": 43,
    "pwr": 150
  },
  "vip_cnt_ch06": {
    "volt": -182,
    "curr": 0,
    "pwr": 0
  },
  "vip_cnt_ch07": {
    "volt": -194,
    "curr": 0,
    "pwr": 0
  },
  "vip_cnt_ch08": {
    "volt": 3335,
    "curr": 154,
    "pwr": 510
  },
  "ccd1": {
    "volt_in_mppt": 0,
    "curr_in_mppt": 0,
    "volt_out_mppt": 0,
    "curr_out_mppt": 0
  },
  "ccd2": {
    "volt_in_mppt": 0,
    "curr_in_mppt": 0,
    "volt_out_mppt": 0,
    "curr_out_mppt": 0
  },
  "ccd3": {
    "volt_in_mppt": 0,
    "curr_in_mppt": 0,
    "volt_out_mppt": 0,
    "curr_out_mppt": 0
  },
  "vip_cnt_ch09": {
    "volt": -175,
    "curr": -1,
    "pwr": 0
  },
  "vip_cnt_ch10": {
    "volt": -172,
    "curr": 0,
    "pwr": 0
  },
  "vip_cnt_ch11": {
    "volt": -173,
    "curr": -1,
    "pwr": 0
  },
  "vip_cnt_ch12": {
    "volt": 5440,
    "curr": -1,
    "pwr": 0
  },
  "vip_cnt_ch13": {
    "volt": -9,
    "curr": 0,
    "pwr": 0
  },
  "vip_cnt_ch14": {
    "volt": -29,
    "curr": 0,
    "pwr": 0
  },
  "vip_cnt_ch15": {
    "volt": -180,
    "curr": 0,
    "pwr": 0
  },
  "ccd4": {
    "volt_in_mppt": 0,
    "curr_in_mppt": 0,
    "volt_out_mppt": 0,
    "curr_out_mppt": 0
  },
  "ccd5": {
    "volt_in_mppt": 0,
    "curr_in_mppt": 0,
    "volt_out_mppt": 0,
    "curr_out_mppt": 0
  },
  "stat_ch_ext_on": 0,
  "stat_ch_ext_ocf": 0,
  "vip_cnt_ch16": {
    "volt": 379,
    "curr": -1,
    "pwr": 0
  }
}

cubeadcs-terminal{   "GetTelemetry": {     "telem_type": "AdcsStateAll"   }}
1/11{   "GetTelemetry": {     "telem_type": "AdcsStateAll"   }}
2025-04-02 13:33:05
cubeadcs-terminal: {
  "AdcsStateAll": {
    "attitude_estimation_mode": "MEMSgyroEKF",
    "control_mode": "XYZWheel",
    "adcs_run_mode": "Enabled",
    "asgp4_mode": "Off",
    "cube_control_signal_enabled": true,
    "cube_control_motor_enabled": true,
    "cube_sense1_enabled": true,
    "cube_sense2_enabled": false,
    "cube_wheel1_enabled": true,
    "cube_wheel2_enabled": true,
    "cube_wheel3_enabled": true,
    "cube_star_enabled": false,
    "gps_receiver_enabled": false,
    "gps_lna_power_enabled": false,
    "motor_driver_enabled": false,
    "sun_is_above_local_horizon": false,
    "cube_sense1_communication_error": false,
    "cube_sense2_communication_error": false,
    "cube_control_signal_communications_error": false,
    "cube_control_motor_communications_error": false,
    "cube_wheel1_communications_error": false,
    "cube_wheel2_communications_error": false,
    "cube_wheel3_communications_error": false,
    "cube_star_communications_error": false,
    "magnetometer_range_error": false,
    "cam1_sram_overcurrent_detected": false,
    "cam1_3v3_overcurrent_detected": false,
    "cam1_sensor_busy_error": false,
    "cam1_sensor_detection_error": false,
    "sun_sensor_range_error": false,
    "cam2_sram_overcurrent_detected": false,
    "cam2_3v3_overcurrent_detected": false,
    "cam2_sensor_busy_error": false,
    "cam2_sensor_detection_error": false,
    "nadir_sensor_range_error": false,
    "rate_sensor_range_error": false,
    "wheel_speed_range_error": false,
    "coarse_sun_sensor_error": true,
    "star_tracker_match_error": false,
    "star_tracker_overcurrent_detected": false,
    "orbit_parameters_are_invalid": false,
    "configuration_is_invalid": false,
    "control_mode_change_is_not_allowed": false,
    "estimator_change_is_not_allowed": false,
    "current_magnetometer_sampling_mode": "MainSignal",
    "modelled_and_measured_magnetic_field_differs_in_size": false,
    "node_recovery_error": true,
    "cube_sense1_runtime_error": false,
    "cube_sense2_runtime_error": false,
    "cube_control_signal_runtime_error": false,
    "cube_control_motor_runtime_error": false,
    "cube_wheel1_runtime_error": false,
    "cube_wheel2_runtime_error": false,
    "cube_wheel3_runtime_error": false,
    "cube_star_runtime_error": false,
    "magnetometer_error": false,
    "rate_sensor_failure": false,
    "estimated_roll_angle": 1237,
    "estimated_pitch_angle": -18,
    "estimated_yaw_angle": -102,
    "estimated_q1": -1077,
    "estimated_q2": 6,
    "estimated_q3": 86,
    "estimated_x_angular_rate": 0,
    "estimated_y_angular_rate": 3,
    "estimated_z_angular_rate": 8,
    "x_position": -20151,
    "y_position": 809,
    "z_position": -18710,
    "x_velocity": -20132,
    "y_velocity": 6166,
    "z_velocity": 21975,
    "latitude": -4285,
    "longitude": 14322,
    "altitude": 29249,
    "ecef_position_x": 0,
    "ecef_position_y": 0,
    "ecef_position_z": 0
  }
}

