eps-ground-watchdog{   "KickWatchdog": {}}
1/11{   "KickWatchdog": {}}
2025-04-28 13:24:07
eps-ground-watchdog: "Success"

eps-ground-watchdog{   "GetTimeRemaining": {}}
1/11{   "GetTimeRemaining": {}}
2025-04-28 13:24:09
eps-ground-watchdog: "172799"

cubeadcs-terminal{   "GetTelemetry": {     "telem_type": "AdcsStateAll"   },   "delay": 1000,}
Delay: 1000 ms
1/11{   "GetTelemetry": {     "telem_type": "AdcsStateAll"   }}
2025-04-28 13:24:12
cubeadcs-terminal: {
  "AdcsStateAll": {
    "attitude_estimation_mode": "MEMSgyroEKF",
    "control_mode": "XYZWheel",
    "adcs_run_mode": "Enabled",
    "asgp4_mode": "Off",
    "cube_control_signal_enabled": true,
    "cube_control_motor_enabled": true,
    "cube_sense1_enabled": true,
    "cube_sense2_enabled": true,
    "cube_wheel1_enabled": true,
    "cube_wheel2_enabled": true,
    "cube_wheel3_enabled": true,
    "cube_star_enabled": false,
    "gps_receiver_enabled": false,
    "gps_lna_power_enabled": false,
    "motor_driver_enabled": false,
    "sun_is_above_local_horizon": false,
    "cube_sense1_communication_error": false,
    "cube_sense2_communication_error": false,
    "cube_control_signal_communications_error": false,
    "cube_control_motor_communications_error": false,
    "cube_wheel1_communications_error": false,
    "cube_wheel2_communications_error": false,
    "cube_wheel3_communications_error": false,
    "cube_star_communications_error": false,
    "magnetometer_range_error": false,
    "cam1_sram_overcurrent_detected": false,
    "cam1_3v3_overcurrent_detected": false,
    "cam1_sensor_busy_error": false,
    "cam1_sensor_detection_error": false,
    "sun_sensor_range_error": false,
    "cam2_sram_overcurrent_detected": false,
    "cam2_3v3_overcurrent_detected": false,
    "cam2_sensor_busy_error": false,
    "cam2_sensor_detection_error": false,
    "nadir_sensor_range_error": false,
    "rate_sensor_range_error": false,
    "wheel_speed_range_error": false,
    "coarse_sun_sensor_error": true,
    "star_tracker_match_error": false,
    "star_tracker_overcurrent_detected": false,
    "orbit_parameters_are_invalid": false,
    "configuration_is_invalid": false,
    "control_mode_change_is_not_allowed": false,
    "estimator_change_is_not_allowed": false,
    "current_magnetometer_sampling_mode": "MainSignal",
    "modelled_and_measured_magnetic_field_differs_in_size": false,
    "node_recovery_error": false,
    "cube_sense1_runtime_error": false,
    "cube_sense2_runtime_error": false,
    "cube_control_signal_runtime_error": false,
    "cube_control_motor_runtime_error": false,
    "cube_wheel1_runtime_error": false,
    "cube_wheel2_runtime_error": false,
    "cube_wheel3_runtime_error": false,
    "cube_star_runtime_error": false,
    "magnetometer_error": false,
    "rate_sensor_failure": false,
    "estimated_roll_angle": 40,
    "estimated_pitch_angle": -2,
    "estimated_yaw_angle": -47,
    "estimated_q1": -34,
    "estimated_q2": 1,
    "estimated_q3": 41,
    "estimated_x_angular_rate": 0,
    "estimated_y_angular_rate": -1,
    "estimated_z_angular_rate": 5,
    "x_position": -16043,
    "y_position": -7592,
    "z_position": -21015,
    "x_velocity": -23187,
    "y_velocity": -4246,
    "z_velocity": 19240,
    "latitude": -4982,
    "longitude": 14750,
    "altitude": 28859,
    "ecef_position_x": 0,
    "ecef_position_y": 0,
    "ecef_position_z": 0
  }
}

cubeadcs-terminal{   "SetCommandedAttitudeAngles": {     "roll": 0,     "pitch": 0,     "yaw": 0   }}
1/11{   "SetCommandedAttitudeAngles": {     "roll": 0,     "pitch": 0,     "yaw": 0   }}
2025-04-28 13:24:14
cubeadcs-terminal: Success

cubeadcs-terminal{   "GetTelemetry": {     "telem_type": "AdcsStateAll"   },   "delay": 5000,}
Delay: 5000 ms
1/11{   "GetTelemetry": {     "telem_type": "AdcsStateAll"   }}
2025-04-28 13:24:22
cubeadcs-terminal: {
  "AdcsStateAll": {
    "attitude_estimation_mode": "MEMSgyroEKF",
    "control_mode": "XYZWheel",
    "adcs_run_mode": "Enabled",
    "asgp4_mode": "Off",
    "cube_control_signal_enabled": true,
    "cube_control_motor_enabled": true,
    "cube_sense1_enabled": true,
    "cube_sense2_enabled": true,
    "cube_wheel1_enabled": true,
    "cube_wheel2_enabled": true,
    "cube_wheel3_enabled": true,
    "cube_star_enabled": false,
    "gps_receiver_enabled": false,
    "gps_lna_power_enabled": false,
    "motor_driver_enabled": false,
    "sun_is_above_local_horizon": false,
    "cube_sense1_communication_error": false,
    "cube_sense2_communication_error": false,
    "cube_control_signal_communications_error": false,
    "cube_control_motor_communications_error": false,
    "cube_wheel1_communications_error": false,
    "cube_wheel2_communications_error": false,
    "cube_wheel3_communications_error": false,
    "cube_star_communications_error": false,
    "magnetometer_range_error": false,
    "cam1_sram_overcurrent_detected": false,
    "cam1_3v3_overcurrent_detected": false,
    "cam1_sensor_busy_error": false,
    "cam1_sensor_detection_error": false,
    "sun_sensor_range_error": false,
    "cam2_sram_overcurrent_detected": false,
    "cam2_3v3_overcurrent_detected": false,
    "cam2_sensor_busy_error": false,
    "cam2_sensor_detection_error": false,
    "nadir_sensor_range_error": false,
    "rate_sensor_range_error": false,
    "wheel_speed_range_error": false,
    "coarse_sun_sensor_error": true,
    "star_tracker_match_error": false,
    "star_tracker_overcurrent_detected": false,
    "orbit_parameters_are_invalid": false,
    "configuration_is_invalid": false,
    "control_mode_change_is_not_allowed": false,
    "estimator_change_is_not_allowed": false,
    "current_magnetometer_sampling_mode": "MainSignal",
    "modelled_and_measured_magnetic_field_differs_in_size": false,
    "node_recovery_error": false,
    "cube_sense1_runtime_error": false,
    "cube_sense2_runtime_error": false,
    "cube_control_signal_runtime_error": false,
    "cube_control_motor_runtime_error": false,
    "cube_wheel1_runtime_error": false,
    "cube_wheel2_runtime_error": false,
    "cube_wheel3_runtime_error": false,
    "cube_star_runtime_error": false,
    "magnetometer_error": false,
    "rate_sensor_failure": false,
    "estimated_roll_angle": 36,
    "estimated_pitch_angle": -9,
    "estimated_yaw_angle": -43,
    "estimated_q1": -31,
    "estimated_q2": 7,
    "estimated_q3": 37,
    "estimated_x_angular_rate": 1,
    "estimated_y_angular_rate": 0,
    "estimated_z_angular_rate": 5,
    "x_position": -16250,
    "y_position": -7630,
    "z_position": -20841,
    "x_velocity": -23009,
    "y_velocity": -4162,
    "z_velocity": 19471,
    "latitude": -4926,
    "longitude": 14729,
    "altitude": 28903,
    "ecef_position_x": 0,
    "ecef_position_y": 0,
    "ecef_position_z": 0
  }
}

cubeadcs-terminal{   "GetTelemetry": {     "telem_type": "AdcsStateAll"   }}
1/11{   "GetTelemetry": {     "telem_type": "AdcsStateAll"   }}
2025-04-28 13:24:25
cubeadcs-terminal: {
  "AdcsStateAll": {
    "attitude_estimation_mode": "MEMSgyroEKF",
    "control_mode": "XYZWheel",
    "adcs_run_mode": "Enabled",
    "asgp4_mode": "Off",
    "cube_control_signal_enabled": true,
    "cube_control_motor_enabled": true,
    "cube_sense1_enabled": true,
    "cube_sense2_enabled": true,
    "cube_wheel1_enabled": true,
    "cube_wheel2_enabled": true,
    "cube_wheel3_enabled": true,
    "cube_star_enabled": false,
    "gps_receiver_enabled": false,
    "gps_lna_power_enabled": false,
    "motor_driver_enabled": false,
    "sun_is_above_local_horizon": false,
    "cube_sense1_communication_error": false,
    "cube_sense2_communication_error": false,
    "cube_control_signal_communications_error": false,
    "cube_control_motor_communications_error": false,
    "cube_wheel1_communications_error": false,
    "cube_wheel2_communications_error": false,
    "cube_wheel3_communications_error": false,
    "cube_star_communications_error": false,
    "magnetometer_range_error": false,
    "cam1_sram_overcurrent_detected": false,
    "cam1_3v3_overcurrent_detected": false,
    "cam1_sensor_busy_error": false,
    "cam1_sensor_detection_error": false,
    "sun_sensor_range_error": false,
    "cam2_sram_overcurrent_detected": false,
    "cam2_3v3_overcurrent_detected": false,
    "cam2_sensor_busy_error": false,
    "cam2_sensor_detection_error": false,
    "nadir_sensor_range_error": false,
    "rate_sensor_range_error": false,
    "wheel_speed_range_error": false,
    "coarse_sun_sensor_error": true,
    "star_tracker_match_error": false,
    "star_tracker_overcurrent_detected": false,
    "orbit_parameters_are_invalid": false,
    "configuration_is_invalid": false,
    "control_mode_change_is_not_allowed": false,
    "estimator_change_is_not_allowed": false,
    "current_magnetometer_sampling_mode": "MainSignal",
    "modelled_and_measured_magnetic_field_differs_in_size": false,
    "node_recovery_error": false,
    "cube_sense1_runtime_error": false,
    "cube_sense2_runtime_error": false,
    "cube_control_signal_runtime_error": false,
    "cube_control_motor_runtime_error": false,
    "cube_wheel1_runtime_error": false,
    "cube_wheel2_runtime_error": false,
    "cube_wheel3_runtime_error": false,
    "cube_star_runtime_error": false,
    "magnetometer_error": false,
    "rate_sensor_failure": false,
    "estimated_roll_angle": 39,
    "estimated_pitch_angle": -2,
    "estimated_yaw_angle": -47,
    "estimated_q1": -33,
    "estimated_q2": 1,
    "estimated_q3": 40,
    "estimated_x_angular_rate": 0,
    "estimated_y_angular_rate": 4,
    "estimated_z_angular_rate": 2,
    "x_position": -16319,
    "y_position": -7642,
    "z_position": -20782,
    "x_velocity": -22950,
    "y_velocity": -4134,
    "z_velocity": 19547,
    "latitude": -4907,
    "longitude": 14722,
    "altitude": 28917,
    "ecef_position_x": 0,
    "ecef_position_y": 0,
    "ecef_position_z": 0
  }
}

isis-eps-terminal{   "PiuHk": {     "mode": "PIUEngHK"   }}
1/11{   "PiuHk": {     "mode": "PIUEngHK"   }}
2025-04-28 13:24:28
isis-eps-terminal: {
  "volt_brdsup": 3312,
  "temp": 320,
  "vip_dist_input": {
    "volt": 15507,
    "curr": 480,
    "pwr": 5790
  },
  "vip_batt_input": {
    "volt": 15525,
    "curr": -483,
    "pwr": -5800
  },
  "stat_ch_on": 4395,
  "stat_ch_ocf": 0,
  "batt_stat": 32768,
  "batt_temp2": 659,
  "batt_temp3": 570,
  "volt_vd0": 15507,
  "volt_vd1": 4994,
  "volt_vd2": 3312,
  "vip_cnt_ch00": {
    "volt": 15489,
    "curr": 210,
    "pwr": 3180
  },
  "vip_cnt_ch01": {
    "volt": 4976,
    "curr": 335,
    "pwr": 290
  },
  "vip_cnt_ch02": {
    "volt": -23,
    "curr": 0,
    "pwr": 0
  },
  "vip_cnt_ch03": {
    "volt": 4979,
    "curr": 247,
    "pwr": 1100
  },
  "vip_cnt_ch04": {
    "volt": 491,
    "curr": 0,
    "pwr": 0
  },
  "vip_cnt_ch05": {
    "volt": 3336,
    "curr": 55,
    "pwr": 150
  },
  "vip_cnt_ch06": {
    "volt": -185,
    "curr": 0,
    "pwr": 0
  },
  "vip_cnt_ch07": {
    "volt": -195,
    "curr": 0,
    "pwr": 0
  },
  "vip_cnt_ch08": {
    "volt": 3333,
    "curr": 180,
    "pwr": 600
  },
  "ccd1": {
    "volt_in_mppt": 0,
    "curr_in_mppt": 0,
    "volt_out_mppt": 0,
    "curr_out_mppt": 0
  },
  "ccd2": {
    "volt_in_mppt": 0,
    "curr_in_mppt": 0,
    "volt_out_mppt": 0,
    "curr_out_mppt": 0
  },
  "ccd3": {
    "volt_in_mppt": 0,
    "curr_in_mppt": 0,
    "volt_out_mppt": 0,
    "curr_out_mppt": 0
  },
  "vip_cnt_ch09": {
    "volt": -179,
    "curr": -1,
    "pwr": 0
  },
  "vip_cnt_ch10": {
    "volt": -177,
    "curr": 0,
    "pwr": 0
  },
  "vip_cnt_ch11": {
    "volt": -177,
    "curr": 0,
    "pwr": 0
  },
  "vip_cnt_ch12": {
    "volt": 5443,
    "curr": 0,
    "pwr": 0
  },
  "vip_cnt_ch13": {
    "volt": -14,
    "curr": -1,
    "pwr": 0
  },
  "vip_cnt_ch14": {
    "volt": -30,
    "curr": -1,
    "pwr": 0
  },
  "vip_cnt_ch15": {
    "volt": -182,
    "curr": 0,
    "pwr": 0
  },
  "ccd4": {
    "volt_in_mppt": 0,
    "curr_in_mppt": 0,
    "volt_out_mppt": 0,
    "curr_out_mppt": 0
  },
  "ccd5": {
    "volt_in_mppt": 0,
    "curr_in_mppt": 0,
    "volt_out_mppt": 0,
    "curr_out_mppt": 0
  },
  "stat_ch_ext_on": 0,
  "stat_ch_ext_ocf": 0,
  "vip_cnt_ch16": {
    "volt": 380,
    "curr": -1,
    "pwr": 0
  }
}

cubeadcs-terminal{   "GetTelemetry": {     "telem_type": "AdcsStateAll"   }}
1/11{   "GetTelemetry": {     "telem_type": "AdcsStateAll"   }}
2025-04-28 13:24:32
cubeadcs-terminal: {
  "AdcsStateAll": {
    "attitude_estimation_mode": "MEMSgyroEKF",
    "control_mode": "XYZWheel",
    "adcs_run_mode": "Enabled",
    "asgp4_mode": "Off",
    "cube_control_signal_enabled": true,
    "cube_control_motor_enabled": true,
    "cube_sense1_enabled": true,
    "cube_sense2_enabled": true,
    "cube_wheel1_enabled": true,
    "cube_wheel2_enabled": true,
    "cube_wheel3_enabled": true,
    "cube_star_enabled": false,
    "gps_receiver_enabled": false,
    "gps_lna_power_enabled": false,
    "motor_driver_enabled": false,
    "sun_is_above_local_horizon": false,
    "cube_sense1_communication_error": false,
    "cube_sense2_communication_error": false,
    "cube_control_signal_communications_error": false,
    "cube_control_motor_communications_error": false,
    "cube_wheel1_communications_error": false,
    "cube_wheel2_communications_error": false,
    "cube_wheel3_communications_error": false,
    "cube_star_communications_error": false,
    "magnetometer_range_error": false,
    "cam1_sram_overcurrent_detected": false,
    "cam1_3v3_overcurrent_detected": false,
    "cam1_sensor_busy_error": false,
    "cam1_sensor_detection_error": false,
    "sun_sensor_range_error": false,
    "cam2_sram_overcurrent_detected": false,
    "cam2_3v3_overcurrent_detected": false,
    "cam2_sensor_busy_error": false,
    "cam2_sensor_detection_error": false,
    "nadir_sensor_range_error": false,
    "rate_sensor_range_error": false,
    "wheel_speed_range_error": false,
    "coarse_sun_sensor_error": true,
    "star_tracker_match_error": false,
    "star_tracker_overcurrent_detected": false,
    "orbit_parameters_are_invalid": false,
    "configuration_is_invalid": false,
    "control_mode_change_is_not_allowed": false,
    "estimator_change_is_not_allowed": false,
    "current_magnetometer_sampling_mode": "MainSignal",
    "modelled_and_measured_magnetic_field_differs_in_size": false,
    "node_recovery_error": false,
    "cube_sense1_runtime_error": false,
    "cube_sense2_runtime_error": false,
    "cube_control_signal_runtime_error": false,
    "cube_control_motor_runtime_error": false,
    "cube_wheel1_runtime_error": false,
    "cube_wheel2_runtime_error": false,
    "cube_wheel3_runtime_error": false,
    "cube_star_runtime_error": false,
    "magnetometer_error": false,
    "rate_sensor_failure": false,
    "estimated_roll_angle": 36,
    "estimated_pitch_angle": 0,
    "estimated_yaw_angle": -48,
    "estimated_q1": -30,
    "estimated_q2": 1,
    "estimated_q3": 41,
    "estimated_x_angular_rate": -1,
    "estimated_y_angular_rate": -1,
    "estimated_z_angular_rate": 4,
    "x_position": -16480,
    "y_position": -7671,
    "z_position": -20645,
    "x_velocity": -22809,
    "y_velocity": -4069,
    "z_velocity": 19725,
    "latitude": -4864,
    "longitude": 14706,
    "altitude": 28951,
    "ecef_position_x": 0,
    "ecef_position_y": 0,
    "ecef_position_z": 0
  }
}

cubeadcs-terminal{   "GetTelemetry": {     "telem_type": "AdcsStateAll"   }}
1/11{   "GetTelemetry": {     "telem_type": "AdcsStateAll"   }}
2025-04-28 13:24:34
cubeadcs-terminal: {
  "AdcsStateAll": {
    "attitude_estimation_mode": "MEMSgyroEKF",
    "control_mode": "XYZWheel",
    "adcs_run_mode": "Enabled",
    "asgp4_mode": "Off",
    "cube_control_signal_enabled": true,
    "cube_control_motor_enabled": true,
    "cube_sense1_enabled": true,
    "cube_sense2_enabled": true,
    "cube_wheel1_enabled": true,
    "cube_wheel2_enabled": true,
    "cube_wheel3_enabled": true,
    "cube_star_enabled": false,
    "gps_receiver_enabled": false,
    "gps_lna_power_enabled": false,
    "motor_driver_enabled": false,
    "sun_is_above_local_horizon": false,
    "cube_sense1_communication_error": false,
    "cube_sense2_communication_error": false,
    "cube_control_signal_communications_error": false,
    "cube_control_motor_communications_error": false,
    "cube_wheel1_communications_error": false,
    "cube_wheel2_communications_error": false,
    "cube_wheel3_communications_error": false,
    "cube_star_communications_error": false,
    "magnetometer_range_error": false,
    "cam1_sram_overcurrent_detected": false,
    "cam1_3v3_overcurrent_detected": false,
    "cam1_sensor_busy_error": false,
    "cam1_sensor_detection_error": false,
    "sun_sensor_range_error": false,
    "cam2_sram_overcurrent_detected": false,
    "cam2_3v3_overcurrent_detected": false,
    "cam2_sensor_busy_error": false,
    "cam2_sensor_detection_error": false,
    "nadir_sensor_range_error": false,
    "rate_sensor_range_error": false,
    "wheel_speed_range_error": false,
    "coarse_sun_sensor_error": true,
    "star_tracker_match_error": false,
    "star_tracker_overcurrent_detected": false,
    "orbit_parameters_are_invalid": false,
    "configuration_is_invalid": false,
    "control_mode_change_is_not_allowed": false,
    "estimator_change_is_not_allowed": false,
    "current_magnetometer_sampling_mode": "MainSignal",
    "modelled_and_measured_magnetic_field_differs_in_size": false,
    "node_recovery_error": false,
    "cube_sense1_runtime_error": false,
    "cube_sense2_runtime_error": false,
    "cube_control_signal_runtime_error": false,
    "cube_control_motor_runtime_error": false,
    "cube_wheel1_runtime_error": false,
    "cube_wheel2_runtime_error": false,
    "cube_wheel3_runtime_error": false,
    "cube_star_runtime_error": false,
    "magnetometer_error": false,
    "rate_sensor_failure": false,
    "estimated_roll_angle": 30,
    "estimated_pitch_angle": -6,
    "estimated_yaw_angle": -45,
    "estimated_q1": -26,
    "estimated_q2": 5,
    "estimated_q3": 39,
    "estimated_x_angular_rate": -2,
    "estimated_y_angular_rate": 0,
    "estimated_z_angular_rate": 4,
    "x_position": -16548,
    "y_position": -7683,
    "z_position": -20585,
    "x_velocity": -22749,
    "y_velocity": -4040,
    "z_velocity": 19801,
    "latitude": -4845,
    "longitude": 14699,
    "altitude": 28965,
    "ecef_position_x": 0,
    "ecef_position_y": 0,
    "ecef_position_z": 0
  }
}

