eps-ground-watchdog{   "KickWatchdog": {}}
1/11{   "KickWatchdog": {}}
2025-04-06 12:06:09
eps-ground-watchdog: "Success"

eps-ground-watchdog{   "GetTimeRemaining": {}}
1/11{   "GetTimeRemaining": {}}
2025-04-06 12:06:11
eps-ground-watchdog: "172798"

isis-eps-terminal{   "SetSingleOutput": {     "typ_channel": "Off",     "eps_ch_idx": 14   }}
1/11{   "SetSingleOutput": {     "typ_channel": "Off",     "eps_ch_idx": 14   }}
2025-04-06 12:06:13
isis-eps-terminal: Success

isis-eps-terminal{   "PiuHk": {     "mode": "PIUEngHK"   }}
1/11{   "PiuHk": {     "mode": "PIUEngHK"   }}
2{   "PiuHk": {     "mode": "PIUEngHK"   }}
2025-04-06 12:06:19
isis-eps-terminal: {
  "volt_brdsup": 3310,
  "temp": 1440,
  "vip_dist_input": {
    "volt": 15713,
    "curr": 260,
    "pwr": 3890
  },
  "vip_batt_input": {
    "volt": 15724,
    "curr": -254,
    "pwr": -3880
  },
  "stat_ch_on": 4395,
  "stat_ch_ocf": 0,
  "batt_stat": 32768,
  "batt_temp2": 1561,
  "batt_temp3": 1432,
  "volt_vd0": 15713,
  "volt_vd1": 4994,
  "volt_vd2": 3310,
  "vip_cnt_ch00": {
    "volt": 15708,
    "curr": 56,
    "pwr": 820
  },
  "vip_cnt_ch01": {
    "volt": 4988,
    "curr": 115,
    "pwr": 750
  },
  "vip_cnt_ch02": {
    "volt": -23,
    "curr": -1,
    "pwr": 0
  },
  "vip_cnt_ch03": {
    "volt": 4983,
    "curr": 259,
    "pwr": 1140
  },
  "vip_cnt_ch04": {
    "volt": 209,
    "curr": -1,
    "pwr": 0
  },
  "vip_cnt_ch05": {
    "volt": 3336,
    "curr": 75,
    "pwr": 160
  },
  "vip_cnt_ch06": {
    "volt": -181,
    "curr": 0,
    "pwr": 0
  },
  "vip_cnt_ch07": {
    "volt": -192,
    "curr": -1,
    "pwr": 0
  },
  "vip_cnt_ch08": {
    "volt": 3332,
    "curr": 149,
    "pwr": 520
  },
  "ccd1": {
    "volt_in_mppt": 0,
    "curr_in_mppt": 0,
    "volt_out_mppt": 0,
    "curr_out_mppt": 0
  },
  "ccd2": {
    "volt_in_mppt": 0,
    "curr_in_mppt": 0,
    "volt_out_mppt": 0,
    "curr_out_mppt": 0
  },
  "ccd3": {
    "volt_in_mppt": 0,
    "curr_in_mppt": 0,
    "volt_out_mppt": 0,
    "curr_out_mppt": 0
  },
  "vip_cnt_ch09": {
    "volt": -174,
    "curr": -1,
    "pwr": 0
  },
  "vip_cnt_ch10": {
    "volt": -173,
    "curr": 0,
    "pwr": 0
  },
  "vip_cnt_ch11": {
    "volt": -170,
    "curr": 0,
    "pwr": 0
  },
  "vip_cnt_ch12": {
    "volt": 5435,
    "curr": -1,
    "pwr": 0
  },
  "vip_cnt_ch13": {
    "volt": -10,
    "curr": -1,
    "pwr": 0
  },
  "vip_cnt_ch14": {
    "volt": -30,
    "curr": 0,
    "pwr": 0
  },
  "vip_cnt_ch15": {
    "volt": -177,
    "curr": 0,
    "pwr": 0
  },
  "ccd4": {
    "volt_in_mppt": 0,
    "curr_in_mppt": 0,
    "volt_out_mppt": 0,
    "curr_out_mppt": 0
  },
  "ccd5": {
    "volt_in_mppt": 0,
    "curr_in_mppt": 0,
    "volt_out_mppt": 0,
    "curr_out_mppt": 0
  },
  "stat_ch_ext_on": 0,
  "stat_ch_ext_ocf": 0,
  "vip_cnt_ch16": {
    "volt": 378,
    "curr": 0,
    "pwr": 0
  }
}

isis-eps-terminal{   "SetSingleOutput": {     "typ_channel": "Off",     "eps_ch_idx": 14   }}
1/11{   "SetSingleOutput": {     "typ_channel": "Off",     "eps_ch_idx": 14   }}
2025-04-06 12:06:21
isis-eps-terminal: Success

isis-eps-terminal{   "PiuHk": {     "mode": "PIUEngHK"   }}
1/11{   "PiuHk": {     "mode": "PIUEngHK"   }}
2{   "PiuHk": {     "mode": "PIUEngHK"   }}
2025-04-06 12:06:24
isis-eps-terminal: {
  "volt_brdsup": 3320,
  "temp": 1640,
  "vip_dist_input": {
    "volt": 15733,
    "curr": 193,
    "pwr": 5120
  },
  "vip_batt_input": {
    "volt": 15740,
    "curr": -207,
    "pwr": -5180
  },
  "stat_ch_on": 4395,
  "stat_ch_ocf": 0,
  "batt_stat": 32768,
  "batt_temp2": 1561,
  "batt_temp3": 1432,
  "volt_vd0": 15733,
  "volt_vd1": 4994,
  "volt_vd2": 3320,
  "vip_cnt_ch00": {
    "volt": 15723,
    "curr": 51,
    "pwr": 2190
  },
  "vip_cnt_ch01": {
    "volt": 4996,
    "curr": 3,
    "pwr": 540
  },
  "vip_cnt_ch02": {
    "volt": -23,
    "curr": -1,
    "pwr": 0
  },
  "vip_cnt_ch03": {
    "volt": 4984,
    "curr": 260,
    "pwr": 1280
  },
  "vip_cnt_ch04": {
    "volt": 374,
    "curr": -1,
    "pwr": 0
  },
  "vip_cnt_ch05": {
    "volt": 3341,
    "curr": 53,
    "pwr": 150
  },
  "vip_cnt_ch06": {
    "volt": -181,
    "curr": 0,
    "pwr": 0
  },
  "vip_cnt_ch07": {
    "volt": -192,
    "curr": 0,
    "pwr": 0
  },
  "vip_cnt_ch08": {
    "volt": 3336,
    "curr": 157,
    "pwr": 510
  },
  "ccd1": {
    "volt_in_mppt": 0,
    "curr_in_mppt": 0,
    "volt_out_mppt": 0,
    "curr_out_mppt": 0
  },
  "ccd2": {
    "volt_in_mppt": 0,
    "curr_in_mppt": 0,
    "volt_out_mppt": 0,
    "curr_out_mppt": 0
  },
  "ccd3": {
    "volt_in_mppt": 0,
    "curr_in_mppt": 0,
    "volt_out_mppt": 0,
    "curr_out_mppt": 0
  },
  "vip_cnt_ch09": {
    "volt": -174,
    "curr": 0,
    "pwr": 0
  },
  "vip_cnt_ch10": {
    "volt": -171,
    "curr": -1,
    "pwr": 0
  },
  "vip_cnt_ch11": {
    "volt": -170,
    "curr": -1,
    "pwr": 0
  },
  "vip_cnt_ch12": {
    "volt": 5432,
    "curr": 0,
    "pwr": 0
  },
  "vip_cnt_ch13": {
    "volt": -10,
    "curr": 0,
    "pwr": 0
  },
  "vip_cnt_ch14": {
    "volt": -30,
    "curr": 0,
    "pwr": 0
  },
  "vip_cnt_ch15": {
    "volt": -178,
    "curr": -1,
    "pwr": 0
  },
  "ccd4": {
    "volt_in_mppt": 0,
    "curr_in_mppt": 0,
    "volt_out_mppt": 0,
    "curr_out_mppt": 0
  },
  "ccd5": {
    "volt_in_mppt": 0,
    "curr_in_mppt": 0,
    "volt_out_mppt": 0,
    "curr_out_mppt": 0
  },
  "stat_ch_ext_on": 0,
  "stat_ch_ext_ocf": 0,
  "vip_cnt_ch16": {
    "volt": 378,
    "curr": 0,
    "pwr": 0
  }
}

cubeadcs-terminal{   "GetTelemetry": {     "telem_type": "AdcsStateAll"   }}
1/11{   "GetTelemetry": {     "telem_type": "AdcsStateAll"   }}
2025-04-06 12:06:27
cubeadcs-terminal: invalid value: integer `6612`, expected variant index 0 <= i < 130

